{"/Users/phillip/projects/flitbit/json-ptr/src/test/ptr.spec.ts":{"path":"/Users/phillip/projects/flitbit/json-ptr/src/test/ptr.spec.ts","statementMap":{"0":{"start":{"line":2,"column":0},"end":{"line":2,"column":62}},"1":{"start":{"line":3,"column":12},"end":{"line":3,"column":25}},"2":{"start":{"line":4,"column":15},"end":{"line":4,"column":30}},"3":{"start":{"line":5,"column":0},"end":{"line":810,"column":3}},"4":{"start":{"line":6,"column":4},"end":{"line":666,"column":7}},"5":{"start":{"line":7,"column":21},"end":{"line":18,"column":9}},"6":{"start":{"line":19,"column":8},"end":{"line":40,"column":11}},"7":{"start":{"line":20,"column":22},"end":{"line":20,"column":36}},"8":{"start":{"line":21,"column":12},"end":{"line":23,"column":15}},"9":{"start":{"line":22,"column":16},"end":{"line":22,"column":56}},"10":{"start":{"line":24,"column":12},"end":{"line":30,"column":15}},"11":{"start":{"line":25,"column":16},"end":{"line":29,"column":30}},"12":{"start":{"line":26,"column":20},"end":{"line":28,"column":23}},"13":{"start":{"line":31,"column":12},"end":{"line":33,"column":15}},"14":{"start":{"line":32,"column":16},"end":{"line":32,"column":56}},"15":{"start":{"line":34,"column":12},"end":{"line":36,"column":15}},"16":{"start":{"line":35,"column":16},"end":{"line":35,"column":52}},"17":{"start":{"line":37,"column":12},"end":{"line":39,"column":15}},"18":{"start":{"line":38,"column":16},"end":{"line":38,"column":67}},"19":{"start":{"line":41,"column":8},"end":{"line":62,"column":11}},"20":{"start":{"line":42,"column":22},"end":{"line":42,"column":37}},"21":{"start":{"line":43,"column":12},"end":{"line":45,"column":15}},"22":{"start":{"line":44,"column":16},"end":{"line":44,"column":58}},"23":{"start":{"line":46,"column":12},"end":{"line":52,"column":15}},"24":{"start":{"line":47,"column":16},"end":{"line":51,"column":30}},"25":{"start":{"line":48,"column":20},"end":{"line":50,"column":23}},"26":{"start":{"line":53,"column":12},"end":{"line":55,"column":15}},"27":{"start":{"line":54,"column":16},"end":{"line":54,"column":56}},"28":{"start":{"line":56,"column":12},"end":{"line":58,"column":15}},"29":{"start":{"line":57,"column":16},"end":{"line":57,"column":52}},"30":{"start":{"line":59,"column":12},"end":{"line":61,"column":15}},"31":{"start":{"line":60,"column":16},"end":{"line":60,"column":67}},"32":{"start":{"line":63,"column":8},"end":{"line":86,"column":11}},"33":{"start":{"line":64,"column":22},"end":{"line":64,"column":40}},"34":{"start":{"line":65,"column":12},"end":{"line":67,"column":15}},"35":{"start":{"line":66,"column":16},"end":{"line":66,"column":62}},"36":{"start":{"line":68,"column":12},"end":{"line":76,"column":15}},"37":{"start":{"line":69,"column":32},"end":{"line":69,"column":43}},"38":{"start":{"line":70,"column":32},"end":{"line":72,"column":17}},"39":{"start":{"line":73,"column":16},"end":{"line":73,"column":37}},"40":{"start":{"line":74,"column":16},"end":{"line":74,"column":59}},"41":{"start":{"line":75,"column":16},"end":{"line":75,"column":37}},"42":{"start":{"line":77,"column":12},"end":{"line":79,"column":15}},"43":{"start":{"line":78,"column":16},"end":{"line":78,"column":54}},"44":{"start":{"line":80,"column":12},"end":{"line":82,"column":15}},"45":{"start":{"line":81,"column":16},"end":{"line":81,"column":56}},"46":{"start":{"line":83,"column":12},"end":{"line":85,"column":15}},"47":{"start":{"line":84,"column":16},"end":{"line":84,"column":71}},"48":{"start":{"line":87,"column":8},"end":{"line":110,"column":11}},"49":{"start":{"line":88,"column":22},"end":{"line":88,"column":41}},"50":{"start":{"line":89,"column":12},"end":{"line":91,"column":15}},"51":{"start":{"line":90,"column":16},"end":{"line":90,"column":62}},"52":{"start":{"line":92,"column":12},"end":{"line":100,"column":15}},"53":{"start":{"line":93,"column":32},"end":{"line":93,"column":43}},"54":{"start":{"line":94,"column":32},"end":{"line":96,"column":17}},"55":{"start":{"line":97,"column":16},"end":{"line":97,"column":37}},"56":{"start":{"line":98,"column":16},"end":{"line":98,"column":59}},"57":{"start":{"line":99,"column":16},"end":{"line":99,"column":37}},"58":{"start":{"line":101,"column":12},"end":{"line":103,"column":15}},"59":{"start":{"line":102,"column":16},"end":{"line":102,"column":54}},"60":{"start":{"line":104,"column":12},"end":{"line":106,"column":15}},"61":{"start":{"line":105,"column":16},"end":{"line":105,"column":56}},"62":{"start":{"line":107,"column":12},"end":{"line":109,"column":15}},"63":{"start":{"line":108,"column":16},"end":{"line":108,"column":71}},"64":{"start":{"line":111,"column":8},"end":{"line":134,"column":11}},"65":{"start":{"line":112,"column":22},"end":{"line":112,"column":42}},"66":{"start":{"line":113,"column":12},"end":{"line":115,"column":15}},"67":{"start":{"line":114,"column":16},"end":{"line":114,"column":65}},"68":{"start":{"line":116,"column":12},"end":{"line":124,"column":15}},"69":{"start":{"line":117,"column":32},"end":{"line":117,"column":43}},"70":{"start":{"line":118,"column":32},"end":{"line":120,"column":17}},"71":{"start":{"line":121,"column":16},"end":{"line":121,"column":37}},"72":{"start":{"line":122,"column":16},"end":{"line":122,"column":59}},"73":{"start":{"line":123,"column":16},"end":{"line":123,"column":37}},"74":{"start":{"line":125,"column":12},"end":{"line":127,"column":15}},"75":{"start":{"line":126,"column":16},"end":{"line":126,"column":59}},"76":{"start":{"line":128,"column":12},"end":{"line":130,"column":15}},"77":{"start":{"line":129,"column":16},"end":{"line":129,"column":58}},"78":{"start":{"line":131,"column":12},"end":{"line":133,"column":15}},"79":{"start":{"line":132,"column":16},"end":{"line":132,"column":73}},"80":{"start":{"line":135,"column":8},"end":{"line":158,"column":11}},"81":{"start":{"line":136,"column":22},"end":{"line":136,"column":43}},"82":{"start":{"line":137,"column":12},"end":{"line":139,"column":15}},"83":{"start":{"line":138,"column":16},"end":{"line":138,"column":65}},"84":{"start":{"line":140,"column":12},"end":{"line":148,"column":15}},"85":{"start":{"line":141,"column":32},"end":{"line":141,"column":43}},"86":{"start":{"line":142,"column":32},"end":{"line":144,"column":17}},"87":{"start":{"line":145,"column":16},"end":{"line":145,"column":37}},"88":{"start":{"line":146,"column":16},"end":{"line":146,"column":59}},"89":{"start":{"line":147,"column":16},"end":{"line":147,"column":37}},"90":{"start":{"line":149,"column":12},"end":{"line":151,"column":15}},"91":{"start":{"line":150,"column":16},"end":{"line":150,"column":59}},"92":{"start":{"line":152,"column":12},"end":{"line":154,"column":15}},"93":{"start":{"line":153,"column":16},"end":{"line":153,"column":58}},"94":{"start":{"line":155,"column":12},"end":{"line":157,"column":15}},"95":{"start":{"line":156,"column":16},"end":{"line":156,"column":73}},"96":{"start":{"line":159,"column":8},"end":{"line":184,"column":11}},"97":{"start":{"line":160,"column":22},"end":{"line":160,"column":48}},"98":{"start":{"line":161,"column":12},"end":{"line":163,"column":15}},"99":{"start":{"line":162,"column":16},"end":{"line":162,"column":63}},"100":{"start":{"line":164,"column":12},"end":{"line":174,"column":15}},"101":{"start":{"line":165,"column":30},"end":{"line":165,"column":32}},"102":{"start":{"line":166,"column":32},"end":{"line":166,"column":43}},"103":{"start":{"line":167,"column":32},"end":{"line":169,"column":17}},"104":{"start":{"line":170,"column":16},"end":{"line":170,"column":44}},"105":{"start":{"line":171,"column":16},"end":{"line":171,"column":64}},"106":{"start":{"line":172,"column":16},"end":{"line":172,"column":60}},"107":{"start":{"line":173,"column":16},"end":{"line":173,"column":38}},"108":{"start":{"line":175,"column":12},"end":{"line":177,"column":15}},"109":{"start":{"line":176,"column":16},"end":{"line":176,"column":64}},"110":{"start":{"line":178,"column":12},"end":{"line":180,"column":15}},"111":{"start":{"line":179,"column":16},"end":{"line":179,"column":63}},"112":{"start":{"line":181,"column":12},"end":{"line":183,"column":15}},"113":{"start":{"line":182,"column":16},"end":{"line":182,"column":78}},"114":{"start":{"line":185,"column":8},"end":{"line":208,"column":11}},"115":{"start":{"line":186,"column":22},"end":{"line":186,"column":37}},"116":{"start":{"line":187,"column":12},"end":{"line":189,"column":15}},"117":{"start":{"line":188,"column":16},"end":{"line":188,"column":62}},"118":{"start":{"line":190,"column":12},"end":{"line":198,"column":15}},"119":{"start":{"line":191,"column":32},"end":{"line":191,"column":43}},"120":{"start":{"line":192,"column":32},"end":{"line":194,"column":17}},"121":{"start":{"line":195,"column":16},"end":{"line":195,"column":37}},"122":{"start":{"line":196,"column":16},"end":{"line":196,"column":59}},"123":{"start":{"line":197,"column":16},"end":{"line":197,"column":37}},"124":{"start":{"line":199,"column":12},"end":{"line":201,"column":15}},"125":{"start":{"line":200,"column":16},"end":{"line":200,"column":51}},"126":{"start":{"line":202,"column":12},"end":{"line":204,"column":15}},"127":{"start":{"line":203,"column":16},"end":{"line":203,"column":53}},"128":{"start":{"line":205,"column":12},"end":{"line":207,"column":15}},"129":{"start":{"line":206,"column":16},"end":{"line":206,"column":68}},"130":{"start":{"line":209,"column":8},"end":{"line":232,"column":11}},"131":{"start":{"line":210,"column":22},"end":{"line":210,"column":38}},"132":{"start":{"line":211,"column":12},"end":{"line":213,"column":15}},"133":{"start":{"line":212,"column":16},"end":{"line":212,"column":62}},"134":{"start":{"line":214,"column":12},"end":{"line":222,"column":15}},"135":{"start":{"line":215,"column":32},"end":{"line":215,"column":43}},"136":{"start":{"line":216,"column":32},"end":{"line":218,"column":17}},"137":{"start":{"line":219,"column":16},"end":{"line":219,"column":37}},"138":{"start":{"line":220,"column":16},"end":{"line":220,"column":59}},"139":{"start":{"line":221,"column":16},"end":{"line":221,"column":37}},"140":{"start":{"line":223,"column":12},"end":{"line":225,"column":15}},"141":{"start":{"line":224,"column":16},"end":{"line":224,"column":51}},"142":{"start":{"line":226,"column":12},"end":{"line":228,"column":15}},"143":{"start":{"line":227,"column":16},"end":{"line":227,"column":53}},"144":{"start":{"line":229,"column":12},"end":{"line":231,"column":15}},"145":{"start":{"line":230,"column":16},"end":{"line":230,"column":68}},"146":{"start":{"line":233,"column":8},"end":{"line":256,"column":11}},"147":{"start":{"line":234,"column":22},"end":{"line":234,"column":41}},"148":{"start":{"line":235,"column":12},"end":{"line":237,"column":15}},"149":{"start":{"line":236,"column":16},"end":{"line":236,"column":65}},"150":{"start":{"line":238,"column":12},"end":{"line":246,"column":15}},"151":{"start":{"line":239,"column":32},"end":{"line":239,"column":43}},"152":{"start":{"line":240,"column":32},"end":{"line":242,"column":17}},"153":{"start":{"line":243,"column":16},"end":{"line":243,"column":37}},"154":{"start":{"line":244,"column":16},"end":{"line":244,"column":59}},"155":{"start":{"line":245,"column":16},"end":{"line":245,"column":37}},"156":{"start":{"line":247,"column":12},"end":{"line":249,"column":15}},"157":{"start":{"line":248,"column":16},"end":{"line":248,"column":54}},"158":{"start":{"line":250,"column":12},"end":{"line":252,"column":15}},"159":{"start":{"line":251,"column":16},"end":{"line":251,"column":57}},"160":{"start":{"line":253,"column":12},"end":{"line":255,"column":15}},"161":{"start":{"line":254,"column":16},"end":{"line":254,"column":72}},"162":{"start":{"line":257,"column":8},"end":{"line":280,"column":11}},"163":{"start":{"line":258,"column":22},"end":{"line":258,"column":42}},"164":{"start":{"line":259,"column":12},"end":{"line":261,"column":15}},"165":{"start":{"line":260,"column":16},"end":{"line":260,"column":65}},"166":{"start":{"line":262,"column":12},"end":{"line":270,"column":15}},"167":{"start":{"line":263,"column":32},"end":{"line":263,"column":43}},"168":{"start":{"line":264,"column":32},"end":{"line":266,"column":17}},"169":{"start":{"line":267,"column":16},"end":{"line":267,"column":37}},"170":{"start":{"line":268,"column":16},"end":{"line":268,"column":59}},"171":{"start":{"line":269,"column":16},"end":{"line":269,"column":37}},"172":{"start":{"line":271,"column":12},"end":{"line":273,"column":15}},"173":{"start":{"line":272,"column":16},"end":{"line":272,"column":54}},"174":{"start":{"line":274,"column":12},"end":{"line":276,"column":15}},"175":{"start":{"line":275,"column":16},"end":{"line":275,"column":57}},"176":{"start":{"line":277,"column":12},"end":{"line":279,"column":15}},"177":{"start":{"line":278,"column":16},"end":{"line":278,"column":72}},"178":{"start":{"line":281,"column":8},"end":{"line":304,"column":11}},"179":{"start":{"line":282,"column":22},"end":{"line":282,"column":40}},"180":{"start":{"line":283,"column":12},"end":{"line":285,"column":15}},"181":{"start":{"line":284,"column":16},"end":{"line":284,"column":65}},"182":{"start":{"line":286,"column":12},"end":{"line":294,"column":15}},"183":{"start":{"line":287,"column":32},"end":{"line":287,"column":43}},"184":{"start":{"line":288,"column":32},"end":{"line":290,"column":17}},"185":{"start":{"line":291,"column":16},"end":{"line":291,"column":37}},"186":{"start":{"line":292,"column":16},"end":{"line":292,"column":59}},"187":{"start":{"line":293,"column":16},"end":{"line":293,"column":37}},"188":{"start":{"line":295,"column":12},"end":{"line":297,"column":15}},"189":{"start":{"line":296,"column":16},"end":{"line":296,"column":54}},"190":{"start":{"line":298,"column":12},"end":{"line":300,"column":15}},"191":{"start":{"line":299,"column":16},"end":{"line":299,"column":56}},"192":{"start":{"line":301,"column":12},"end":{"line":303,"column":15}},"193":{"start":{"line":302,"column":16},"end":{"line":302,"column":73}},"194":{"start":{"line":305,"column":8},"end":{"line":328,"column":11}},"195":{"start":{"line":306,"column":22},"end":{"line":306,"column":43}},"196":{"start":{"line":307,"column":12},"end":{"line":309,"column":15}},"197":{"start":{"line":308,"column":16},"end":{"line":308,"column":65}},"198":{"start":{"line":310,"column":12},"end":{"line":318,"column":15}},"199":{"start":{"line":311,"column":32},"end":{"line":311,"column":43}},"200":{"start":{"line":312,"column":32},"end":{"line":314,"column":17}},"201":{"start":{"line":315,"column":16},"end":{"line":315,"column":37}},"202":{"start":{"line":316,"column":16},"end":{"line":316,"column":59}},"203":{"start":{"line":317,"column":16},"end":{"line":317,"column":37}},"204":{"start":{"line":319,"column":12},"end":{"line":321,"column":15}},"205":{"start":{"line":320,"column":16},"end":{"line":320,"column":54}},"206":{"start":{"line":322,"column":12},"end":{"line":324,"column":15}},"207":{"start":{"line":323,"column":16},"end":{"line":323,"column":56}},"208":{"start":{"line":325,"column":12},"end":{"line":327,"column":15}},"209":{"start":{"line":326,"column":16},"end":{"line":326,"column":73}},"210":{"start":{"line":329,"column":8},"end":{"line":352,"column":11}},"211":{"start":{"line":330,"column":22},"end":{"line":330,"column":40}},"212":{"start":{"line":331,"column":12},"end":{"line":333,"column":15}},"213":{"start":{"line":332,"column":16},"end":{"line":332,"column":65}},"214":{"start":{"line":334,"column":12},"end":{"line":342,"column":15}},"215":{"start":{"line":335,"column":32},"end":{"line":335,"column":43}},"216":{"start":{"line":336,"column":32},"end":{"line":338,"column":17}},"217":{"start":{"line":339,"column":16},"end":{"line":339,"column":37}},"218":{"start":{"line":340,"column":16},"end":{"line":340,"column":59}},"219":{"start":{"line":341,"column":16},"end":{"line":341,"column":37}},"220":{"start":{"line":343,"column":12},"end":{"line":345,"column":15}},"221":{"start":{"line":344,"column":16},"end":{"line":344,"column":54}},"222":{"start":{"line":346,"column":12},"end":{"line":348,"column":15}},"223":{"start":{"line":347,"column":16},"end":{"line":347,"column":56}},"224":{"start":{"line":349,"column":12},"end":{"line":351,"column":15}},"225":{"start":{"line":350,"column":16},"end":{"line":350,"column":73}},"226":{"start":{"line":353,"column":8},"end":{"line":376,"column":11}},"227":{"start":{"line":354,"column":22},"end":{"line":354,"column":43}},"228":{"start":{"line":355,"column":12},"end":{"line":357,"column":15}},"229":{"start":{"line":356,"column":16},"end":{"line":356,"column":65}},"230":{"start":{"line":358,"column":12},"end":{"line":366,"column":15}},"231":{"start":{"line":359,"column":32},"end":{"line":359,"column":43}},"232":{"start":{"line":360,"column":32},"end":{"line":362,"column":17}},"233":{"start":{"line":363,"column":16},"end":{"line":363,"column":37}},"234":{"start":{"line":364,"column":16},"end":{"line":364,"column":59}},"235":{"start":{"line":365,"column":16},"end":{"line":365,"column":37}},"236":{"start":{"line":367,"column":12},"end":{"line":369,"column":15}},"237":{"start":{"line":368,"column":16},"end":{"line":368,"column":54}},"238":{"start":{"line":370,"column":12},"end":{"line":372,"column":15}},"239":{"start":{"line":371,"column":16},"end":{"line":371,"column":56}},"240":{"start":{"line":373,"column":12},"end":{"line":375,"column":15}},"241":{"start":{"line":374,"column":16},"end":{"line":374,"column":73}},"242":{"start":{"line":377,"column":8},"end":{"line":400,"column":11}},"243":{"start":{"line":378,"column":22},"end":{"line":378,"column":40}},"244":{"start":{"line":379,"column":12},"end":{"line":381,"column":15}},"245":{"start":{"line":380,"column":16},"end":{"line":380,"column":65}},"246":{"start":{"line":382,"column":12},"end":{"line":390,"column":15}},"247":{"start":{"line":383,"column":32},"end":{"line":383,"column":43}},"248":{"start":{"line":384,"column":32},"end":{"line":386,"column":17}},"249":{"start":{"line":387,"column":16},"end":{"line":387,"column":37}},"250":{"start":{"line":388,"column":16},"end":{"line":388,"column":59}},"251":{"start":{"line":389,"column":16},"end":{"line":389,"column":37}},"252":{"start":{"line":391,"column":12},"end":{"line":393,"column":15}},"253":{"start":{"line":392,"column":16},"end":{"line":392,"column":54}},"254":{"start":{"line":394,"column":12},"end":{"line":396,"column":15}},"255":{"start":{"line":395,"column":16},"end":{"line":395,"column":56}},"256":{"start":{"line":397,"column":12},"end":{"line":399,"column":15}},"257":{"start":{"line":398,"column":16},"end":{"line":398,"column":73}},"258":{"start":{"line":401,"column":8},"end":{"line":424,"column":11}},"259":{"start":{"line":402,"column":22},"end":{"line":402,"column":43}},"260":{"start":{"line":403,"column":12},"end":{"line":405,"column":15}},"261":{"start":{"line":404,"column":16},"end":{"line":404,"column":65}},"262":{"start":{"line":406,"column":12},"end":{"line":414,"column":15}},"263":{"start":{"line":407,"column":32},"end":{"line":407,"column":43}},"264":{"start":{"line":408,"column":32},"end":{"line":410,"column":17}},"265":{"start":{"line":411,"column":16},"end":{"line":411,"column":37}},"266":{"start":{"line":412,"column":16},"end":{"line":412,"column":59}},"267":{"start":{"line":413,"column":16},"end":{"line":413,"column":37}},"268":{"start":{"line":415,"column":12},"end":{"line":417,"column":15}},"269":{"start":{"line":416,"column":16},"end":{"line":416,"column":54}},"270":{"start":{"line":418,"column":12},"end":{"line":420,"column":15}},"271":{"start":{"line":419,"column":16},"end":{"line":419,"column":56}},"272":{"start":{"line":421,"column":12},"end":{"line":423,"column":15}},"273":{"start":{"line":422,"column":16},"end":{"line":422,"column":73}},"274":{"start":{"line":425,"column":8},"end":{"line":448,"column":11}},"275":{"start":{"line":426,"column":22},"end":{"line":426,"column":41}},"276":{"start":{"line":427,"column":12},"end":{"line":429,"column":15}},"277":{"start":{"line":428,"column":16},"end":{"line":428,"column":66}},"278":{"start":{"line":430,"column":12},"end":{"line":438,"column":15}},"279":{"start":{"line":431,"column":32},"end":{"line":431,"column":43}},"280":{"start":{"line":432,"column":32},"end":{"line":434,"column":17}},"281":{"start":{"line":435,"column":16},"end":{"line":435,"column":37}},"282":{"start":{"line":436,"column":16},"end":{"line":436,"column":59}},"283":{"start":{"line":437,"column":16},"end":{"line":437,"column":37}},"284":{"start":{"line":439,"column":12},"end":{"line":441,"column":15}},"285":{"start":{"line":440,"column":16},"end":{"line":440,"column":55}},"286":{"start":{"line":442,"column":12},"end":{"line":444,"column":15}},"287":{"start":{"line":443,"column":16},"end":{"line":443,"column":57}},"288":{"start":{"line":445,"column":12},"end":{"line":447,"column":15}},"289":{"start":{"line":446,"column":16},"end":{"line":446,"column":73}},"290":{"start":{"line":449,"column":8},"end":{"line":472,"column":11}},"291":{"start":{"line":450,"column":22},"end":{"line":450,"column":43}},"292":{"start":{"line":451,"column":12},"end":{"line":453,"column":15}},"293":{"start":{"line":452,"column":16},"end":{"line":452,"column":66}},"294":{"start":{"line":454,"column":12},"end":{"line":462,"column":15}},"295":{"start":{"line":455,"column":32},"end":{"line":455,"column":43}},"296":{"start":{"line":456,"column":32},"end":{"line":458,"column":17}},"297":{"start":{"line":459,"column":16},"end":{"line":459,"column":37}},"298":{"start":{"line":460,"column":16},"end":{"line":460,"column":59}},"299":{"start":{"line":461,"column":16},"end":{"line":461,"column":37}},"300":{"start":{"line":463,"column":12},"end":{"line":465,"column":15}},"301":{"start":{"line":464,"column":16},"end":{"line":464,"column":55}},"302":{"start":{"line":466,"column":12},"end":{"line":468,"column":15}},"303":{"start":{"line":467,"column":16},"end":{"line":467,"column":57}},"304":{"start":{"line":469,"column":12},"end":{"line":471,"column":15}},"305":{"start":{"line":470,"column":16},"end":{"line":470,"column":73}},"306":{"start":{"line":473,"column":8},"end":{"line":503,"column":11}},"307":{"start":{"line":475,"column":22},"end":{"line":475,"column":40}},"308":{"start":{"line":477,"column":12},"end":{"line":480,"column":15}},"309":{"start":{"line":479,"column":16},"end":{"line":479,"column":65}},"310":{"start":{"line":481,"column":12},"end":{"line":489,"column":15}},"311":{"start":{"line":482,"column":32},"end":{"line":482,"column":43}},"312":{"start":{"line":483,"column":32},"end":{"line":485,"column":17}},"313":{"start":{"line":486,"column":16},"end":{"line":486,"column":37}},"314":{"start":{"line":487,"column":16},"end":{"line":487,"column":59}},"315":{"start":{"line":488,"column":16},"end":{"line":488,"column":37}},"316":{"start":{"line":491,"column":12},"end":{"line":494,"column":15}},"317":{"start":{"line":493,"column":16},"end":{"line":493,"column":54}},"318":{"start":{"line":496,"column":12},"end":{"line":499,"column":15}},"319":{"start":{"line":498,"column":16},"end":{"line":498,"column":56}},"320":{"start":{"line":500,"column":12},"end":{"line":502,"column":15}},"321":{"start":{"line":501,"column":16},"end":{"line":501,"column":73}},"322":{"start":{"line":504,"column":8},"end":{"line":533,"column":11}},"323":{"start":{"line":505,"column":22},"end":{"line":505,"column":43}},"324":{"start":{"line":507,"column":12},"end":{"line":510,"column":15}},"325":{"start":{"line":509,"column":16},"end":{"line":509,"column":65}},"326":{"start":{"line":511,"column":12},"end":{"line":519,"column":15}},"327":{"start":{"line":512,"column":32},"end":{"line":512,"column":43}},"328":{"start":{"line":513,"column":32},"end":{"line":515,"column":17}},"329":{"start":{"line":516,"column":16},"end":{"line":516,"column":37}},"330":{"start":{"line":517,"column":16},"end":{"line":517,"column":59}},"331":{"start":{"line":518,"column":16},"end":{"line":518,"column":37}},"332":{"start":{"line":521,"column":12},"end":{"line":524,"column":15}},"333":{"start":{"line":523,"column":16},"end":{"line":523,"column":54}},"334":{"start":{"line":526,"column":12},"end":{"line":529,"column":15}},"335":{"start":{"line":528,"column":16},"end":{"line":528,"column":56}},"336":{"start":{"line":530,"column":12},"end":{"line":532,"column":15}},"337":{"start":{"line":531,"column":16},"end":{"line":531,"column":73}},"338":{"start":{"line":534,"column":8},"end":{"line":557,"column":11}},"339":{"start":{"line":535,"column":22},"end":{"line":535,"column":38}},"340":{"start":{"line":536,"column":12},"end":{"line":538,"column":15}},"341":{"start":{"line":537,"column":16},"end":{"line":537,"column":63}},"342":{"start":{"line":539,"column":12},"end":{"line":547,"column":15}},"343":{"start":{"line":540,"column":32},"end":{"line":540,"column":43}},"344":{"start":{"line":541,"column":32},"end":{"line":543,"column":17}},"345":{"start":{"line":544,"column":16},"end":{"line":544,"column":37}},"346":{"start":{"line":545,"column":16},"end":{"line":545,"column":59}},"347":{"start":{"line":546,"column":16},"end":{"line":546,"column":37}},"348":{"start":{"line":548,"column":12},"end":{"line":550,"column":15}},"349":{"start":{"line":549,"column":16},"end":{"line":549,"column":52}},"350":{"start":{"line":551,"column":12},"end":{"line":553,"column":15}},"351":{"start":{"line":552,"column":16},"end":{"line":552,"column":54}},"352":{"start":{"line":554,"column":12},"end":{"line":556,"column":15}},"353":{"start":{"line":555,"column":16},"end":{"line":555,"column":71}},"354":{"start":{"line":558,"column":8},"end":{"line":581,"column":11}},"355":{"start":{"line":559,"column":22},"end":{"line":559,"column":41}},"356":{"start":{"line":560,"column":12},"end":{"line":562,"column":15}},"357":{"start":{"line":561,"column":16},"end":{"line":561,"column":63}},"358":{"start":{"line":563,"column":12},"end":{"line":571,"column":15}},"359":{"start":{"line":564,"column":32},"end":{"line":564,"column":43}},"360":{"start":{"line":565,"column":32},"end":{"line":567,"column":17}},"361":{"start":{"line":568,"column":16},"end":{"line":568,"column":37}},"362":{"start":{"line":569,"column":16},"end":{"line":569,"column":59}},"363":{"start":{"line":570,"column":16},"end":{"line":570,"column":37}},"364":{"start":{"line":572,"column":12},"end":{"line":574,"column":15}},"365":{"start":{"line":573,"column":16},"end":{"line":573,"column":52}},"366":{"start":{"line":575,"column":12},"end":{"line":577,"column":15}},"367":{"start":{"line":576,"column":16},"end":{"line":576,"column":54}},"368":{"start":{"line":578,"column":12},"end":{"line":580,"column":15}},"369":{"start":{"line":579,"column":16},"end":{"line":579,"column":71}},"370":{"start":{"line":582,"column":8},"end":{"line":605,"column":11}},"371":{"start":{"line":583,"column":22},"end":{"line":583,"column":41}},"372":{"start":{"line":584,"column":12},"end":{"line":586,"column":15}},"373":{"start":{"line":585,"column":16},"end":{"line":585,"column":65}},"374":{"start":{"line":587,"column":12},"end":{"line":595,"column":15}},"375":{"start":{"line":588,"column":32},"end":{"line":588,"column":43}},"376":{"start":{"line":589,"column":32},"end":{"line":591,"column":17}},"377":{"start":{"line":592,"column":16},"end":{"line":592,"column":37}},"378":{"start":{"line":593,"column":16},"end":{"line":593,"column":59}},"379":{"start":{"line":594,"column":16},"end":{"line":594,"column":37}},"380":{"start":{"line":596,"column":12},"end":{"line":598,"column":15}},"381":{"start":{"line":597,"column":16},"end":{"line":597,"column":54}},"382":{"start":{"line":599,"column":12},"end":{"line":601,"column":15}},"383":{"start":{"line":600,"column":16},"end":{"line":600,"column":57}},"384":{"start":{"line":602,"column":12},"end":{"line":604,"column":15}},"385":{"start":{"line":603,"column":16},"end":{"line":603,"column":72}},"386":{"start":{"line":606,"column":8},"end":{"line":629,"column":11}},"387":{"start":{"line":607,"column":22},"end":{"line":607,"column":42}},"388":{"start":{"line":608,"column":12},"end":{"line":610,"column":15}},"389":{"start":{"line":609,"column":16},"end":{"line":609,"column":65}},"390":{"start":{"line":611,"column":12},"end":{"line":619,"column":15}},"391":{"start":{"line":612,"column":32},"end":{"line":612,"column":43}},"392":{"start":{"line":613,"column":32},"end":{"line":615,"column":17}},"393":{"start":{"line":616,"column":16},"end":{"line":616,"column":37}},"394":{"start":{"line":617,"column":16},"end":{"line":617,"column":59}},"395":{"start":{"line":618,"column":16},"end":{"line":618,"column":37}},"396":{"start":{"line":620,"column":12},"end":{"line":622,"column":15}},"397":{"start":{"line":621,"column":16},"end":{"line":621,"column":54}},"398":{"start":{"line":623,"column":12},"end":{"line":625,"column":15}},"399":{"start":{"line":624,"column":16},"end":{"line":624,"column":57}},"400":{"start":{"line":626,"column":12},"end":{"line":628,"column":15}},"401":{"start":{"line":627,"column":16},"end":{"line":627,"column":72}},"402":{"start":{"line":630,"column":8},"end":{"line":651,"column":11}},"403":{"start":{"line":631,"column":22},"end":{"line":631,"column":42}},"404":{"start":{"line":632,"column":12},"end":{"line":634,"column":15}},"405":{"start":{"line":633,"column":16},"end":{"line":633,"column":65}},"406":{"start":{"line":635,"column":12},"end":{"line":638,"column":15}},"407":{"start":{"line":636,"column":16},"end":{"line":636,"column":35}},"408":{"start":{"line":637,"column":16},"end":{"line":637,"column":57}},"409":{"start":{"line":639,"column":12},"end":{"line":642,"column":15}},"410":{"start":{"line":640,"column":16},"end":{"line":640,"column":36}},"411":{"start":{"line":641,"column":16},"end":{"line":641,"column":58}},"412":{"start":{"line":643,"column":12},"end":{"line":646,"column":15}},"413":{"start":{"line":644,"column":16},"end":{"line":644,"column":37}},"414":{"start":{"line":645,"column":16},"end":{"line":645,"column":59}},"415":{"start":{"line":647,"column":12},"end":{"line":650,"column":15}},"416":{"start":{"line":648,"column":16},"end":{"line":648,"column":38}},"417":{"start":{"line":649,"column":16},"end":{"line":649,"column":60}},"418":{"start":{"line":652,"column":8},"end":{"line":658,"column":11}},"419":{"start":{"line":653,"column":12},"end":{"line":657,"column":15}},"420":{"start":{"line":654,"column":16},"end":{"line":656,"column":30}},"421":{"start":{"line":655,"column":20},"end":{"line":655,"column":37}},"422":{"start":{"line":659,"column":8},"end":{"line":665,"column":11}},"423":{"start":{"line":660,"column":12},"end":{"line":664,"column":15}},"424":{"start":{"line":661,"column":16},"end":{"line":663,"column":30}},"425":{"start":{"line":662,"column":20},"end":{"line":662,"column":37}},"426":{"start":{"line":667,"column":4},"end":{"line":715,"column":7}},"427":{"start":{"line":668,"column":21},"end":{"line":688,"column":9}},"428":{"start":{"line":689,"column":8},"end":{"line":692,"column":11}},"429":{"start":{"line":690,"column":24},"end":{"line":690,"column":58}},"430":{"start":{"line":691,"column":12},"end":{"line":691,"column":53}},"431":{"start":{"line":693,"column":8},"end":{"line":696,"column":11}},"432":{"start":{"line":694,"column":24},"end":{"line":694,"column":56}},"433":{"start":{"line":695,"column":12},"end":{"line":695,"column":44}},"434":{"start":{"line":697,"column":8},"end":{"line":700,"column":11}},"435":{"start":{"line":698,"column":24},"end":{"line":698,"column":80}},"436":{"start":{"line":699,"column":12},"end":{"line":699,"column":49}},"437":{"start":{"line":701,"column":8},"end":{"line":704,"column":11}},"438":{"start":{"line":702,"column":24},"end":{"line":702,"column":79}},"439":{"start":{"line":703,"column":12},"end":{"line":703,"column":49}},"440":{"start":{"line":705,"column":8},"end":{"line":709,"column":11}},"441":{"start":{"line":706,"column":12},"end":{"line":706,"column":77}},"442":{"start":{"line":707,"column":24},"end":{"line":707,"column":79}},"443":{"start":{"line":708,"column":12},"end":{"line":708,"column":46}},"444":{"start":{"line":710,"column":8},"end":{"line":714,"column":11}},"445":{"start":{"line":711,"column":12},"end":{"line":711,"column":76}},"446":{"start":{"line":712,"column":24},"end":{"line":712,"column":79}},"447":{"start":{"line":713,"column":12},"end":{"line":713,"column":46}},"448":{"start":{"line":716,"column":4},"end":{"line":724,"column":7}},"449":{"start":{"line":717,"column":21},"end":{"line":717,"column":38}},"450":{"start":{"line":718,"column":8},"end":{"line":720,"column":11}},"451":{"start":{"line":719,"column":12},"end":{"line":719,"column":71}},"452":{"start":{"line":721,"column":8},"end":{"line":723,"column":11}},"453":{"start":{"line":722,"column":12},"end":{"line":722,"column":86}},"454":{"start":{"line":725,"column":4},"end":{"line":809,"column":7}},"455":{"start":{"line":726,"column":21},"end":{"line":745,"column":9}},"456":{"start":{"line":746,"column":22},"end":{"line":787,"column":9}},"457":{"start":{"line":788,"column":8},"end":{"line":808,"column":11}},"458":{"start":{"line":789,"column":12},"end":{"line":807,"column":15}},"459":{"start":{"line":791,"column":16},"end":{"line":793,"column":19}},"460":{"start":{"line":792,"column":20},"end":{"line":792,"column":77}},"461":{"start":{"line":794,"column":16},"end":{"line":806,"column":19}},"462":{"start":{"line":795,"column":20},"end":{"line":802,"column":23}},"463":{"start":{"line":796,"column":24},"end":{"line":801,"column":25}},"464":{"start":{"line":797,"column":28},"end":{"line":797,"column":79}},"465":{"start":{"line":800,"column":28},"end":{"line":800,"column":76}},"466":{"start":{"line":803,"column":20},"end":{"line":805,"column":23}},"467":{"start":{"line":804,"column":24},"end":{"line":804,"column":70}},"468":{"start":{"line":811,"column":0},"end":{"line":820,"column":3}},"469":{"start":{"line":812,"column":17},"end":{"line":814,"column":5}},"470":{"start":{"line":815,"column":4},"end":{"line":819,"column":7}},"471":{"start":{"line":816,"column":18},"end":{"line":816,"column":55}},"472":{"start":{"line":817,"column":8},"end":{"line":817,"column":29}},"473":{"start":{"line":818,"column":8},"end":{"line":818,"column":47}},"474":{"start":{"line":821,"column":0},"end":{"line":837,"column":3}},"475":{"start":{"line":822,"column":17},"end":{"line":822,"column":35}},"476":{"start":{"line":823,"column":17},"end":{"line":823,"column":35}},"477":{"start":{"line":824,"column":19},"end":{"line":824,"column":29}},"478":{"start":{"line":825,"column":4},"end":{"line":827,"column":7}},"479":{"start":{"line":826,"column":8},"end":{"line":826,"column":81}},"480":{"start":{"line":828,"column":4},"end":{"line":830,"column":7}},"481":{"start":{"line":829,"column":8},"end":{"line":829,"column":64}},"482":{"start":{"line":831,"column":4},"end":{"line":833,"column":7}},"483":{"start":{"line":832,"column":8},"end":{"line":832,"column":72}},"484":{"start":{"line":834,"column":4},"end":{"line":836,"column":7}},"485":{"start":{"line":835,"column":8},"end":{"line":835,"column":89}}},"fnMap":{"0":{"name":"(anonymous_0)","decl":{"start":{"line":5,"column":24},"end":{"line":5,"column":25}},"loc":{"start":{"line":5,"column":36},"end":{"line":810,"column":1}},"line":5},"1":{"name":"(anonymous_1)","decl":{"start":{"line":6,"column":64},"end":{"line":6,"column":65}},"loc":{"start":{"line":6,"column":76},"end":{"line":666,"column":5}},"line":6},"2":{"name":"(anonymous_2)","decl":{"start":{"line":19,"column":55},"end":{"line":19,"column":56}},"loc":{"start":{"line":19,"column":67},"end":{"line":40,"column":9}},"line":19},"3":{"name":"(anonymous_3)","decl":{"start":{"line":21,"column":59},"end":{"line":21,"column":60}},"loc":{"start":{"line":21,"column":71},"end":{"line":23,"column":13}},"line":21},"4":{"name":"(anonymous_4)","decl":{"start":{"line":24,"column":36},"end":{"line":24,"column":37}},"loc":{"start":{"line":24,"column":48},"end":{"line":30,"column":13}},"line":24},"5":{"name":"(anonymous_5)","decl":{"start":{"line":25,"column":30},"end":{"line":25,"column":31}},"loc":{"start":{"line":25,"column":42},"end":{"line":29,"column":17}},"line":25},"6":{"name":"(anonymous_6)","decl":{"start":{"line":31,"column":44},"end":{"line":31,"column":45}},"loc":{"start":{"line":31,"column":56},"end":{"line":33,"column":13}},"line":31},"7":{"name":"(anonymous_7)","decl":{"start":{"line":34,"column":54},"end":{"line":34,"column":55}},"loc":{"start":{"line":34,"column":66},"end":{"line":36,"column":13}},"line":34},"8":{"name":"(anonymous_8)","decl":{"start":{"line":37,"column":70},"end":{"line":37,"column":71}},"loc":{"start":{"line":37,"column":82},"end":{"line":39,"column":13}},"line":37},"9":{"name":"(anonymous_9)","decl":{"start":{"line":41,"column":60},"end":{"line":41,"column":61}},"loc":{"start":{"line":41,"column":72},"end":{"line":62,"column":9}},"line":41},"10":{"name":"(anonymous_10)","decl":{"start":{"line":43,"column":59},"end":{"line":43,"column":60}},"loc":{"start":{"line":43,"column":71},"end":{"line":45,"column":13}},"line":43},"11":{"name":"(anonymous_11)","decl":{"start":{"line":46,"column":36},"end":{"line":46,"column":37}},"loc":{"start":{"line":46,"column":48},"end":{"line":52,"column":13}},"line":46},"12":{"name":"(anonymous_12)","decl":{"start":{"line":47,"column":30},"end":{"line":47,"column":31}},"loc":{"start":{"line":47,"column":42},"end":{"line":51,"column":17}},"line":47},"13":{"name":"(anonymous_13)","decl":{"start":{"line":53,"column":44},"end":{"line":53,"column":45}},"loc":{"start":{"line":53,"column":56},"end":{"line":55,"column":13}},"line":53},"14":{"name":"(anonymous_14)","decl":{"start":{"line":56,"column":54},"end":{"line":56,"column":55}},"loc":{"start":{"line":56,"column":66},"end":{"line":58,"column":13}},"line":56},"15":{"name":"(anonymous_15)","decl":{"start":{"line":59,"column":70},"end":{"line":59,"column":71}},"loc":{"start":{"line":59,"column":82},"end":{"line":61,"column":13}},"line":59},"16":{"name":"(anonymous_16)","decl":{"start":{"line":63,"column":50},"end":{"line":63,"column":51}},"loc":{"start":{"line":63,"column":62},"end":{"line":86,"column":9}},"line":63},"17":{"name":"(anonymous_17)","decl":{"start":{"line":65,"column":53},"end":{"line":65,"column":54}},"loc":{"start":{"line":65,"column":65},"end":{"line":67,"column":13}},"line":65},"18":{"name":"(anonymous_18)","decl":{"start":{"line":68,"column":68},"end":{"line":68,"column":69}},"loc":{"start":{"line":68,"column":80},"end":{"line":76,"column":13}},"line":68},"19":{"name":"(anonymous_19)","decl":{"start":{"line":77,"column":50},"end":{"line":77,"column":51}},"loc":{"start":{"line":77,"column":62},"end":{"line":79,"column":13}},"line":77},"20":{"name":"(anonymous_20)","decl":{"start":{"line":80,"column":49},"end":{"line":80,"column":50}},"loc":{"start":{"line":80,"column":61},"end":{"line":82,"column":13}},"line":80},"21":{"name":"(anonymous_21)","decl":{"start":{"line":83,"column":66},"end":{"line":83,"column":67}},"loc":{"start":{"line":83,"column":78},"end":{"line":85,"column":13}},"line":83},"22":{"name":"(anonymous_22)","decl":{"start":{"line":87,"column":57},"end":{"line":87,"column":58}},"loc":{"start":{"line":87,"column":69},"end":{"line":110,"column":9}},"line":87},"23":{"name":"(anonymous_23)","decl":{"start":{"line":89,"column":53},"end":{"line":89,"column":54}},"loc":{"start":{"line":89,"column":65},"end":{"line":91,"column":13}},"line":89},"24":{"name":"(anonymous_24)","decl":{"start":{"line":92,"column":68},"end":{"line":92,"column":69}},"loc":{"start":{"line":92,"column":80},"end":{"line":100,"column":13}},"line":92},"25":{"name":"(anonymous_25)","decl":{"start":{"line":101,"column":50},"end":{"line":101,"column":51}},"loc":{"start":{"line":101,"column":62},"end":{"line":103,"column":13}},"line":101},"26":{"name":"(anonymous_26)","decl":{"start":{"line":104,"column":49},"end":{"line":104,"column":50}},"loc":{"start":{"line":104,"column":61},"end":{"line":106,"column":13}},"line":104},"27":{"name":"(anonymous_27)","decl":{"start":{"line":107,"column":66},"end":{"line":107,"column":67}},"loc":{"start":{"line":107,"column":78},"end":{"line":109,"column":13}},"line":107},"28":{"name":"(anonymous_28)","decl":{"start":{"line":111,"column":52},"end":{"line":111,"column":53}},"loc":{"start":{"line":111,"column":64},"end":{"line":134,"column":9}},"line":111},"29":{"name":"(anonymous_29)","decl":{"start":{"line":113,"column":53},"end":{"line":113,"column":54}},"loc":{"start":{"line":113,"column":65},"end":{"line":115,"column":13}},"line":113},"30":{"name":"(anonymous_30)","decl":{"start":{"line":116,"column":68},"end":{"line":116,"column":69}},"loc":{"start":{"line":116,"column":80},"end":{"line":124,"column":13}},"line":116},"31":{"name":"(anonymous_31)","decl":{"start":{"line":125,"column":55},"end":{"line":125,"column":56}},"loc":{"start":{"line":125,"column":67},"end":{"line":127,"column":13}},"line":125},"32":{"name":"(anonymous_32)","decl":{"start":{"line":128,"column":51},"end":{"line":128,"column":52}},"loc":{"start":{"line":128,"column":63},"end":{"line":130,"column":13}},"line":128},"33":{"name":"(anonymous_33)","decl":{"start":{"line":131,"column":68},"end":{"line":131,"column":69}},"loc":{"start":{"line":131,"column":80},"end":{"line":133,"column":13}},"line":131},"34":{"name":"(anonymous_34)","decl":{"start":{"line":135,"column":59},"end":{"line":135,"column":60}},"loc":{"start":{"line":135,"column":71},"end":{"line":158,"column":9}},"line":135},"35":{"name":"(anonymous_35)","decl":{"start":{"line":137,"column":53},"end":{"line":137,"column":54}},"loc":{"start":{"line":137,"column":65},"end":{"line":139,"column":13}},"line":137},"36":{"name":"(anonymous_36)","decl":{"start":{"line":140,"column":68},"end":{"line":140,"column":69}},"loc":{"start":{"line":140,"column":80},"end":{"line":148,"column":13}},"line":140},"37":{"name":"(anonymous_37)","decl":{"start":{"line":149,"column":55},"end":{"line":149,"column":56}},"loc":{"start":{"line":149,"column":67},"end":{"line":151,"column":13}},"line":149},"38":{"name":"(anonymous_38)","decl":{"start":{"line":152,"column":51},"end":{"line":152,"column":52}},"loc":{"start":{"line":152,"column":63},"end":{"line":154,"column":13}},"line":152},"39":{"name":"(anonymous_39)","decl":{"start":{"line":155,"column":68},"end":{"line":155,"column":69}},"loc":{"start":{"line":155,"column":80},"end":{"line":157,"column":13}},"line":155},"40":{"name":"(anonymous_40)","decl":{"start":{"line":159,"column":64},"end":{"line":159,"column":65}},"loc":{"start":{"line":159,"column":76},"end":{"line":184,"column":9}},"line":159},"41":{"name":"(anonymous_41)","decl":{"start":{"line":161,"column":51},"end":{"line":161,"column":52}},"loc":{"start":{"line":161,"column":63},"end":{"line":163,"column":13}},"line":161},"42":{"name":"(anonymous_42)","decl":{"start":{"line":164,"column":100},"end":{"line":164,"column":101}},"loc":{"start":{"line":164,"column":112},"end":{"line":174,"column":13}},"line":164},"43":{"name":"(anonymous_43)","decl":{"start":{"line":175,"column":60},"end":{"line":175,"column":61}},"loc":{"start":{"line":175,"column":72},"end":{"line":177,"column":13}},"line":175},"44":{"name":"(anonymous_44)","decl":{"start":{"line":178,"column":56},"end":{"line":178,"column":57}},"loc":{"start":{"line":178,"column":68},"end":{"line":180,"column":13}},"line":178},"45":{"name":"(anonymous_45)","decl":{"start":{"line":181,"column":73},"end":{"line":181,"column":74}},"loc":{"start":{"line":181,"column":85},"end":{"line":183,"column":13}},"line":181},"46":{"name":"(anonymous_46)","decl":{"start":{"line":185,"column":47},"end":{"line":185,"column":48}},"loc":{"start":{"line":185,"column":59},"end":{"line":208,"column":9}},"line":185},"47":{"name":"(anonymous_47)","decl":{"start":{"line":187,"column":50},"end":{"line":187,"column":51}},"loc":{"start":{"line":187,"column":62},"end":{"line":189,"column":13}},"line":187},"48":{"name":"(anonymous_48)","decl":{"start":{"line":190,"column":68},"end":{"line":190,"column":69}},"loc":{"start":{"line":190,"column":80},"end":{"line":198,"column":13}},"line":190},"49":{"name":"(anonymous_49)","decl":{"start":{"line":199,"column":47},"end":{"line":199,"column":48}},"loc":{"start":{"line":199,"column":59},"end":{"line":201,"column":13}},"line":199},"50":{"name":"(anonymous_50)","decl":{"start":{"line":202,"column":46},"end":{"line":202,"column":47}},"loc":{"start":{"line":202,"column":58},"end":{"line":204,"column":13}},"line":202},"51":{"name":"(anonymous_51)","decl":{"start":{"line":205,"column":63},"end":{"line":205,"column":64}},"loc":{"start":{"line":205,"column":75},"end":{"line":207,"column":13}},"line":205},"52":{"name":"(anonymous_52)","decl":{"start":{"line":209,"column":54},"end":{"line":209,"column":55}},"loc":{"start":{"line":209,"column":66},"end":{"line":232,"column":9}},"line":209},"53":{"name":"(anonymous_53)","decl":{"start":{"line":211,"column":50},"end":{"line":211,"column":51}},"loc":{"start":{"line":211,"column":62},"end":{"line":213,"column":13}},"line":211},"54":{"name":"(anonymous_54)","decl":{"start":{"line":214,"column":68},"end":{"line":214,"column":69}},"loc":{"start":{"line":214,"column":80},"end":{"line":222,"column":13}},"line":214},"55":{"name":"(anonymous_55)","decl":{"start":{"line":223,"column":47},"end":{"line":223,"column":48}},"loc":{"start":{"line":223,"column":59},"end":{"line":225,"column":13}},"line":223},"56":{"name":"(anonymous_56)","decl":{"start":{"line":226,"column":46},"end":{"line":226,"column":47}},"loc":{"start":{"line":226,"column":58},"end":{"line":228,"column":13}},"line":226},"57":{"name":"(anonymous_57)","decl":{"start":{"line":229,"column":63},"end":{"line":229,"column":64}},"loc":{"start":{"line":229,"column":75},"end":{"line":231,"column":13}},"line":229},"58":{"name":"(anonymous_58)","decl":{"start":{"line":233,"column":51},"end":{"line":233,"column":52}},"loc":{"start":{"line":233,"column":63},"end":{"line":256,"column":9}},"line":233},"59":{"name":"(anonymous_59)","decl":{"start":{"line":235,"column":53},"end":{"line":235,"column":54}},"loc":{"start":{"line":235,"column":65},"end":{"line":237,"column":13}},"line":235},"60":{"name":"(anonymous_60)","decl":{"start":{"line":238,"column":68},"end":{"line":238,"column":69}},"loc":{"start":{"line":238,"column":80},"end":{"line":246,"column":13}},"line":238},"61":{"name":"(anonymous_61)","decl":{"start":{"line":247,"column":50},"end":{"line":247,"column":51}},"loc":{"start":{"line":247,"column":62},"end":{"line":249,"column":13}},"line":247},"62":{"name":"(anonymous_62)","decl":{"start":{"line":250,"column":50},"end":{"line":250,"column":51}},"loc":{"start":{"line":250,"column":62},"end":{"line":252,"column":13}},"line":250},"63":{"name":"(anonymous_63)","decl":{"start":{"line":253,"column":67},"end":{"line":253,"column":68}},"loc":{"start":{"line":253,"column":79},"end":{"line":255,"column":13}},"line":253},"64":{"name":"(anonymous_64)","decl":{"start":{"line":257,"column":58},"end":{"line":257,"column":59}},"loc":{"start":{"line":257,"column":70},"end":{"line":280,"column":9}},"line":257},"65":{"name":"(anonymous_65)","decl":{"start":{"line":259,"column":53},"end":{"line":259,"column":54}},"loc":{"start":{"line":259,"column":65},"end":{"line":261,"column":13}},"line":259},"66":{"name":"(anonymous_66)","decl":{"start":{"line":262,"column":68},"end":{"line":262,"column":69}},"loc":{"start":{"line":262,"column":80},"end":{"line":270,"column":13}},"line":262},"67":{"name":"(anonymous_67)","decl":{"start":{"line":271,"column":50},"end":{"line":271,"column":51}},"loc":{"start":{"line":271,"column":62},"end":{"line":273,"column":13}},"line":271},"68":{"name":"(anonymous_68)","decl":{"start":{"line":274,"column":50},"end":{"line":274,"column":51}},"loc":{"start":{"line":274,"column":62},"end":{"line":276,"column":13}},"line":274},"69":{"name":"(anonymous_69)","decl":{"start":{"line":277,"column":67},"end":{"line":277,"column":68}},"loc":{"start":{"line":277,"column":79},"end":{"line":279,"column":13}},"line":277},"70":{"name":"(anonymous_70)","decl":{"start":{"line":281,"column":50},"end":{"line":281,"column":51}},"loc":{"start":{"line":281,"column":62},"end":{"line":304,"column":9}},"line":281},"71":{"name":"(anonymous_71)","decl":{"start":{"line":283,"column":53},"end":{"line":283,"column":54}},"loc":{"start":{"line":283,"column":65},"end":{"line":285,"column":13}},"line":283},"72":{"name":"(anonymous_72)","decl":{"start":{"line":286,"column":68},"end":{"line":286,"column":69}},"loc":{"start":{"line":286,"column":80},"end":{"line":294,"column":13}},"line":286},"73":{"name":"(anonymous_73)","decl":{"start":{"line":295,"column":50},"end":{"line":295,"column":51}},"loc":{"start":{"line":295,"column":62},"end":{"line":297,"column":13}},"line":295},"74":{"name":"(anonymous_74)","decl":{"start":{"line":298,"column":49},"end":{"line":298,"column":50}},"loc":{"start":{"line":298,"column":61},"end":{"line":300,"column":13}},"line":298},"75":{"name":"(anonymous_75)","decl":{"start":{"line":301,"column":68},"end":{"line":301,"column":69}},"loc":{"start":{"line":301,"column":80},"end":{"line":303,"column":13}},"line":301},"76":{"name":"(anonymous_76)","decl":{"start":{"line":305,"column":59},"end":{"line":305,"column":60}},"loc":{"start":{"line":305,"column":71},"end":{"line":328,"column":9}},"line":305},"77":{"name":"(anonymous_77)","decl":{"start":{"line":307,"column":53},"end":{"line":307,"column":54}},"loc":{"start":{"line":307,"column":65},"end":{"line":309,"column":13}},"line":307},"78":{"name":"(anonymous_78)","decl":{"start":{"line":310,"column":68},"end":{"line":310,"column":69}},"loc":{"start":{"line":310,"column":80},"end":{"line":318,"column":13}},"line":310},"79":{"name":"(anonymous_79)","decl":{"start":{"line":319,"column":50},"end":{"line":319,"column":51}},"loc":{"start":{"line":319,"column":62},"end":{"line":321,"column":13}},"line":319},"80":{"name":"(anonymous_80)","decl":{"start":{"line":322,"column":49},"end":{"line":322,"column":50}},"loc":{"start":{"line":322,"column":61},"end":{"line":324,"column":13}},"line":322},"81":{"name":"(anonymous_81)","decl":{"start":{"line":325,"column":68},"end":{"line":325,"column":69}},"loc":{"start":{"line":325,"column":80},"end":{"line":327,"column":13}},"line":325},"82":{"name":"(anonymous_82)","decl":{"start":{"line":329,"column":50},"end":{"line":329,"column":51}},"loc":{"start":{"line":329,"column":62},"end":{"line":352,"column":9}},"line":329},"83":{"name":"(anonymous_83)","decl":{"start":{"line":331,"column":53},"end":{"line":331,"column":54}},"loc":{"start":{"line":331,"column":65},"end":{"line":333,"column":13}},"line":331},"84":{"name":"(anonymous_84)","decl":{"start":{"line":334,"column":68},"end":{"line":334,"column":69}},"loc":{"start":{"line":334,"column":80},"end":{"line":342,"column":13}},"line":334},"85":{"name":"(anonymous_85)","decl":{"start":{"line":343,"column":50},"end":{"line":343,"column":51}},"loc":{"start":{"line":343,"column":62},"end":{"line":345,"column":13}},"line":343},"86":{"name":"(anonymous_86)","decl":{"start":{"line":346,"column":49},"end":{"line":346,"column":50}},"loc":{"start":{"line":346,"column":61},"end":{"line":348,"column":13}},"line":346},"87":{"name":"(anonymous_87)","decl":{"start":{"line":349,"column":68},"end":{"line":349,"column":69}},"loc":{"start":{"line":349,"column":80},"end":{"line":351,"column":13}},"line":349},"88":{"name":"(anonymous_88)","decl":{"start":{"line":353,"column":59},"end":{"line":353,"column":60}},"loc":{"start":{"line":353,"column":71},"end":{"line":376,"column":9}},"line":353},"89":{"name":"(anonymous_89)","decl":{"start":{"line":355,"column":53},"end":{"line":355,"column":54}},"loc":{"start":{"line":355,"column":65},"end":{"line":357,"column":13}},"line":355},"90":{"name":"(anonymous_90)","decl":{"start":{"line":358,"column":68},"end":{"line":358,"column":69}},"loc":{"start":{"line":358,"column":80},"end":{"line":366,"column":13}},"line":358},"91":{"name":"(anonymous_91)","decl":{"start":{"line":367,"column":50},"end":{"line":367,"column":51}},"loc":{"start":{"line":367,"column":62},"end":{"line":369,"column":13}},"line":367},"92":{"name":"(anonymous_92)","decl":{"start":{"line":370,"column":49},"end":{"line":370,"column":50}},"loc":{"start":{"line":370,"column":61},"end":{"line":372,"column":13}},"line":370},"93":{"name":"(anonymous_93)","decl":{"start":{"line":373,"column":68},"end":{"line":373,"column":69}},"loc":{"start":{"line":373,"column":80},"end":{"line":375,"column":13}},"line":373},"94":{"name":"(anonymous_94)","decl":{"start":{"line":377,"column":50},"end":{"line":377,"column":51}},"loc":{"start":{"line":377,"column":62},"end":{"line":400,"column":9}},"line":377},"95":{"name":"(anonymous_95)","decl":{"start":{"line":379,"column":53},"end":{"line":379,"column":54}},"loc":{"start":{"line":379,"column":65},"end":{"line":381,"column":13}},"line":379},"96":{"name":"(anonymous_96)","decl":{"start":{"line":382,"column":68},"end":{"line":382,"column":69}},"loc":{"start":{"line":382,"column":80},"end":{"line":390,"column":13}},"line":382},"97":{"name":"(anonymous_97)","decl":{"start":{"line":391,"column":50},"end":{"line":391,"column":51}},"loc":{"start":{"line":391,"column":62},"end":{"line":393,"column":13}},"line":391},"98":{"name":"(anonymous_98)","decl":{"start":{"line":394,"column":49},"end":{"line":394,"column":50}},"loc":{"start":{"line":394,"column":61},"end":{"line":396,"column":13}},"line":394},"99":{"name":"(anonymous_99)","decl":{"start":{"line":397,"column":68},"end":{"line":397,"column":69}},"loc":{"start":{"line":397,"column":80},"end":{"line":399,"column":13}},"line":397},"100":{"name":"(anonymous_100)","decl":{"start":{"line":401,"column":59},"end":{"line":401,"column":60}},"loc":{"start":{"line":401,"column":71},"end":{"line":424,"column":9}},"line":401},"101":{"name":"(anonymous_101)","decl":{"start":{"line":403,"column":53},"end":{"line":403,"column":54}},"loc":{"start":{"line":403,"column":65},"end":{"line":405,"column":13}},"line":403},"102":{"name":"(anonymous_102)","decl":{"start":{"line":406,"column":68},"end":{"line":406,"column":69}},"loc":{"start":{"line":406,"column":80},"end":{"line":414,"column":13}},"line":406},"103":{"name":"(anonymous_103)","decl":{"start":{"line":415,"column":50},"end":{"line":415,"column":51}},"loc":{"start":{"line":415,"column":62},"end":{"line":417,"column":13}},"line":415},"104":{"name":"(anonymous_104)","decl":{"start":{"line":418,"column":49},"end":{"line":418,"column":50}},"loc":{"start":{"line":418,"column":61},"end":{"line":420,"column":13}},"line":418},"105":{"name":"(anonymous_105)","decl":{"start":{"line":421,"column":68},"end":{"line":421,"column":69}},"loc":{"start":{"line":421,"column":80},"end":{"line":423,"column":13}},"line":421},"106":{"name":"(anonymous_106)","decl":{"start":{"line":425,"column":51},"end":{"line":425,"column":52}},"loc":{"start":{"line":425,"column":63},"end":{"line":448,"column":9}},"line":425},"107":{"name":"(anonymous_107)","decl":{"start":{"line":427,"column":54},"end":{"line":427,"column":55}},"loc":{"start":{"line":427,"column":66},"end":{"line":429,"column":13}},"line":427},"108":{"name":"(anonymous_108)","decl":{"start":{"line":430,"column":68},"end":{"line":430,"column":69}},"loc":{"start":{"line":430,"column":80},"end":{"line":438,"column":13}},"line":430},"109":{"name":"(anonymous_109)","decl":{"start":{"line":439,"column":51},"end":{"line":439,"column":52}},"loc":{"start":{"line":439,"column":63},"end":{"line":441,"column":13}},"line":439},"110":{"name":"(anonymous_110)","decl":{"start":{"line":442,"column":50},"end":{"line":442,"column":51}},"loc":{"start":{"line":442,"column":62},"end":{"line":444,"column":13}},"line":442},"111":{"name":"(anonymous_111)","decl":{"start":{"line":445,"column":68},"end":{"line":445,"column":69}},"loc":{"start":{"line":445,"column":80},"end":{"line":447,"column":13}},"line":445},"112":{"name":"(anonymous_112)","decl":{"start":{"line":449,"column":59},"end":{"line":449,"column":60}},"loc":{"start":{"line":449,"column":71},"end":{"line":472,"column":9}},"line":449},"113":{"name":"(anonymous_113)","decl":{"start":{"line":451,"column":54},"end":{"line":451,"column":55}},"loc":{"start":{"line":451,"column":66},"end":{"line":453,"column":13}},"line":451},"114":{"name":"(anonymous_114)","decl":{"start":{"line":454,"column":68},"end":{"line":454,"column":69}},"loc":{"start":{"line":454,"column":80},"end":{"line":462,"column":13}},"line":454},"115":{"name":"(anonymous_115)","decl":{"start":{"line":463,"column":51},"end":{"line":463,"column":52}},"loc":{"start":{"line":463,"column":63},"end":{"line":465,"column":13}},"line":463},"116":{"name":"(anonymous_116)","decl":{"start":{"line":466,"column":50},"end":{"line":466,"column":51}},"loc":{"start":{"line":466,"column":62},"end":{"line":468,"column":13}},"line":466},"117":{"name":"(anonymous_117)","decl":{"start":{"line":469,"column":68},"end":{"line":469,"column":69}},"loc":{"start":{"line":469,"column":80},"end":{"line":471,"column":13}},"line":469},"118":{"name":"(anonymous_118)","decl":{"start":{"line":473,"column":53},"end":{"line":473,"column":54}},"loc":{"start":{"line":473,"column":65},"end":{"line":503,"column":9}},"line":473},"119":{"name":"(anonymous_119)","decl":{"start":{"line":477,"column":53},"end":{"line":477,"column":54}},"loc":{"start":{"line":477,"column":65},"end":{"line":480,"column":13}},"line":477},"120":{"name":"(anonymous_120)","decl":{"start":{"line":481,"column":68},"end":{"line":481,"column":69}},"loc":{"start":{"line":481,"column":80},"end":{"line":489,"column":13}},"line":481},"121":{"name":"(anonymous_121)","decl":{"start":{"line":491,"column":50},"end":{"line":491,"column":51}},"loc":{"start":{"line":491,"column":62},"end":{"line":494,"column":13}},"line":491},"122":{"name":"(anonymous_122)","decl":{"start":{"line":496,"column":49},"end":{"line":496,"column":50}},"loc":{"start":{"line":496,"column":61},"end":{"line":499,"column":13}},"line":496},"123":{"name":"(anonymous_123)","decl":{"start":{"line":500,"column":68},"end":{"line":500,"column":69}},"loc":{"start":{"line":500,"column":80},"end":{"line":502,"column":13}},"line":500},"124":{"name":"(anonymous_124)","decl":{"start":{"line":504,"column":59},"end":{"line":504,"column":60}},"loc":{"start":{"line":504,"column":71},"end":{"line":533,"column":9}},"line":504},"125":{"name":"(anonymous_125)","decl":{"start":{"line":507,"column":53},"end":{"line":507,"column":54}},"loc":{"start":{"line":507,"column":65},"end":{"line":510,"column":13}},"line":507},"126":{"name":"(anonymous_126)","decl":{"start":{"line":511,"column":68},"end":{"line":511,"column":69}},"loc":{"start":{"line":511,"column":80},"end":{"line":519,"column":13}},"line":511},"127":{"name":"(anonymous_127)","decl":{"start":{"line":521,"column":50},"end":{"line":521,"column":51}},"loc":{"start":{"line":521,"column":62},"end":{"line":524,"column":13}},"line":521},"128":{"name":"(anonymous_128)","decl":{"start":{"line":526,"column":49},"end":{"line":526,"column":50}},"loc":{"start":{"line":526,"column":61},"end":{"line":529,"column":13}},"line":526},"129":{"name":"(anonymous_129)","decl":{"start":{"line":530,"column":68},"end":{"line":530,"column":69}},"loc":{"start":{"line":530,"column":80},"end":{"line":532,"column":13}},"line":530},"130":{"name":"(anonymous_130)","decl":{"start":{"line":534,"column":48},"end":{"line":534,"column":49}},"loc":{"start":{"line":534,"column":60},"end":{"line":557,"column":9}},"line":534},"131":{"name":"(anonymous_131)","decl":{"start":{"line":536,"column":51},"end":{"line":536,"column":52}},"loc":{"start":{"line":536,"column":63},"end":{"line":538,"column":13}},"line":536},"132":{"name":"(anonymous_132)","decl":{"start":{"line":539,"column":68},"end":{"line":539,"column":69}},"loc":{"start":{"line":539,"column":80},"end":{"line":547,"column":13}},"line":539},"133":{"name":"(anonymous_133)","decl":{"start":{"line":548,"column":48},"end":{"line":548,"column":49}},"loc":{"start":{"line":548,"column":60},"end":{"line":550,"column":13}},"line":548},"134":{"name":"(anonymous_134)","decl":{"start":{"line":551,"column":47},"end":{"line":551,"column":48}},"loc":{"start":{"line":551,"column":59},"end":{"line":553,"column":13}},"line":551},"135":{"name":"(anonymous_135)","decl":{"start":{"line":554,"column":66},"end":{"line":554,"column":67}},"loc":{"start":{"line":554,"column":78},"end":{"line":556,"column":13}},"line":554},"136":{"name":"(anonymous_136)","decl":{"start":{"line":558,"column":57},"end":{"line":558,"column":58}},"loc":{"start":{"line":558,"column":69},"end":{"line":581,"column":9}},"line":558},"137":{"name":"(anonymous_137)","decl":{"start":{"line":560,"column":51},"end":{"line":560,"column":52}},"loc":{"start":{"line":560,"column":63},"end":{"line":562,"column":13}},"line":560},"138":{"name":"(anonymous_138)","decl":{"start":{"line":563,"column":68},"end":{"line":563,"column":69}},"loc":{"start":{"line":563,"column":80},"end":{"line":571,"column":13}},"line":563},"139":{"name":"(anonymous_139)","decl":{"start":{"line":572,"column":48},"end":{"line":572,"column":49}},"loc":{"start":{"line":572,"column":60},"end":{"line":574,"column":13}},"line":572},"140":{"name":"(anonymous_140)","decl":{"start":{"line":575,"column":47},"end":{"line":575,"column":48}},"loc":{"start":{"line":575,"column":59},"end":{"line":577,"column":13}},"line":575},"141":{"name":"(anonymous_141)","decl":{"start":{"line":578,"column":66},"end":{"line":578,"column":67}},"loc":{"start":{"line":578,"column":78},"end":{"line":580,"column":13}},"line":578},"142":{"name":"(anonymous_142)","decl":{"start":{"line":582,"column":51},"end":{"line":582,"column":52}},"loc":{"start":{"line":582,"column":63},"end":{"line":605,"column":9}},"line":582},"143":{"name":"(anonymous_143)","decl":{"start":{"line":584,"column":53},"end":{"line":584,"column":54}},"loc":{"start":{"line":584,"column":65},"end":{"line":586,"column":13}},"line":584},"144":{"name":"(anonymous_144)","decl":{"start":{"line":587,"column":68},"end":{"line":587,"column":69}},"loc":{"start":{"line":587,"column":80},"end":{"line":595,"column":13}},"line":587},"145":{"name":"(anonymous_145)","decl":{"start":{"line":596,"column":50},"end":{"line":596,"column":51}},"loc":{"start":{"line":596,"column":62},"end":{"line":598,"column":13}},"line":596},"146":{"name":"(anonymous_146)","decl":{"start":{"line":599,"column":50},"end":{"line":599,"column":51}},"loc":{"start":{"line":599,"column":62},"end":{"line":601,"column":13}},"line":599},"147":{"name":"(anonymous_147)","decl":{"start":{"line":602,"column":67},"end":{"line":602,"column":68}},"loc":{"start":{"line":602,"column":79},"end":{"line":604,"column":13}},"line":602},"148":{"name":"(anonymous_148)","decl":{"start":{"line":606,"column":58},"end":{"line":606,"column":59}},"loc":{"start":{"line":606,"column":70},"end":{"line":629,"column":9}},"line":606},"149":{"name":"(anonymous_149)","decl":{"start":{"line":608,"column":53},"end":{"line":608,"column":54}},"loc":{"start":{"line":608,"column":65},"end":{"line":610,"column":13}},"line":608},"150":{"name":"(anonymous_150)","decl":{"start":{"line":611,"column":68},"end":{"line":611,"column":69}},"loc":{"start":{"line":611,"column":80},"end":{"line":619,"column":13}},"line":611},"151":{"name":"(anonymous_151)","decl":{"start":{"line":620,"column":50},"end":{"line":620,"column":51}},"loc":{"start":{"line":620,"column":62},"end":{"line":622,"column":13}},"line":620},"152":{"name":"(anonymous_152)","decl":{"start":{"line":623,"column":50},"end":{"line":623,"column":51}},"loc":{"start":{"line":623,"column":62},"end":{"line":625,"column":13}},"line":623},"153":{"name":"(anonymous_153)","decl":{"start":{"line":626,"column":67},"end":{"line":626,"column":68}},"loc":{"start":{"line":626,"column":79},"end":{"line":628,"column":13}},"line":626},"154":{"name":"(anonymous_154)","decl":{"start":{"line":630,"column":93},"end":{"line":630,"column":94}},"loc":{"start":{"line":630,"column":105},"end":{"line":651,"column":9}},"line":630},"155":{"name":"(anonymous_155)","decl":{"start":{"line":632,"column":46},"end":{"line":632,"column":47}},"loc":{"start":{"line":632,"column":58},"end":{"line":634,"column":13}},"line":632},"156":{"name":"(anonymous_156)","decl":{"start":{"line":635,"column":74},"end":{"line":635,"column":75}},"loc":{"start":{"line":635,"column":86},"end":{"line":638,"column":13}},"line":635},"157":{"name":"(anonymous_157)","decl":{"start":{"line":639,"column":23},"end":{"line":639,"column":24}},"loc":{"start":{"line":639,"column":35},"end":{"line":642,"column":13}},"line":639},"158":{"name":"(anonymous_158)","decl":{"start":{"line":643,"column":23},"end":{"line":643,"column":24}},"loc":{"start":{"line":643,"column":35},"end":{"line":646,"column":13}},"line":643},"159":{"name":"(anonymous_159)","decl":{"start":{"line":647,"column":23},"end":{"line":647,"column":24}},"loc":{"start":{"line":647,"column":35},"end":{"line":650,"column":13}},"line":647},"160":{"name":"(anonymous_160)","decl":{"start":{"line":652,"column":39},"end":{"line":652,"column":40}},"loc":{"start":{"line":652,"column":51},"end":{"line":658,"column":9}},"line":652},"161":{"name":"(anonymous_161)","decl":{"start":{"line":653,"column":39},"end":{"line":653,"column":40}},"loc":{"start":{"line":653,"column":51},"end":{"line":657,"column":13}},"line":653},"162":{"name":"(anonymous_162)","decl":{"start":{"line":654,"column":30},"end":{"line":654,"column":31}},"loc":{"start":{"line":654,"column":42},"end":{"line":656,"column":17}},"line":654},"163":{"name":"(anonymous_163)","decl":{"start":{"line":659,"column":55},"end":{"line":659,"column":56}},"loc":{"start":{"line":659,"column":67},"end":{"line":665,"column":9}},"line":659},"164":{"name":"(anonymous_164)","decl":{"start":{"line":660,"column":39},"end":{"line":660,"column":40}},"loc":{"start":{"line":660,"column":51},"end":{"line":664,"column":13}},"line":660},"165":{"name":"(anonymous_165)","decl":{"start":{"line":661,"column":30},"end":{"line":661,"column":31}},"loc":{"start":{"line":661,"column":42},"end":{"line":663,"column":17}},"line":661},"166":{"name":"(anonymous_166)","decl":{"start":{"line":667,"column":47},"end":{"line":667,"column":48}},"loc":{"start":{"line":667,"column":59},"end":{"line":715,"column":5}},"line":667},"167":{"name":"(anonymous_167)","decl":{"start":{"line":689,"column":93},"end":{"line":689,"column":94}},"loc":{"start":{"line":689,"column":105},"end":{"line":692,"column":9}},"line":689},"168":{"name":"(anonymous_168)","decl":{"start":{"line":693,"column":88},"end":{"line":693,"column":89}},"loc":{"start":{"line":693,"column":100},"end":{"line":696,"column":9}},"line":693},"169":{"name":"(anonymous_169)","decl":{"start":{"line":697,"column":110},"end":{"line":697,"column":111}},"loc":{"start":{"line":697,"column":122},"end":{"line":700,"column":9}},"line":697},"170":{"name":"(anonymous_170)","decl":{"start":{"line":701,"column":109},"end":{"line":701,"column":110}},"loc":{"start":{"line":701,"column":121},"end":{"line":704,"column":9}},"line":701},"171":{"name":"(anonymous_171)","decl":{"start":{"line":705,"column":107},"end":{"line":705,"column":108}},"loc":{"start":{"line":705,"column":119},"end":{"line":709,"column":9}},"line":705},"172":{"name":"(anonymous_172)","decl":{"start":{"line":710,"column":106},"end":{"line":710,"column":107}},"loc":{"start":{"line":710,"column":118},"end":{"line":714,"column":9}},"line":710},"173":{"name":"(anonymous_173)","decl":{"start":{"line":716,"column":70},"end":{"line":716,"column":71}},"loc":{"start":{"line":716,"column":82},"end":{"line":724,"column":5}},"line":716},"174":{"name":"(anonymous_174)","decl":{"start":{"line":718,"column":66},"end":{"line":718,"column":67}},"loc":{"start":{"line":718,"column":78},"end":{"line":720,"column":9}},"line":718},"175":{"name":"(anonymous_175)","decl":{"start":{"line":721,"column":81},"end":{"line":721,"column":82}},"loc":{"start":{"line":721,"column":93},"end":{"line":723,"column":9}},"line":721},"176":{"name":"(anonymous_176)","decl":{"start":{"line":725,"column":22},"end":{"line":725,"column":23}},"loc":{"start":{"line":725,"column":34},"end":{"line":809,"column":5}},"line":725},"177":{"name":"(anonymous_177)","decl":{"start":{"line":788,"column":22},"end":{"line":788,"column":23}},"loc":{"start":{"line":788,"column":38},"end":{"line":808,"column":9}},"line":788},"178":{"name":"(anonymous_178)","decl":{"start":{"line":789,"column":32},"end":{"line":789,"column":33}},"loc":{"start":{"line":789,"column":44},"end":{"line":807,"column":13}},"line":789},"179":{"name":"(anonymous_179)","decl":{"start":{"line":791,"column":23},"end":{"line":791,"column":24}},"loc":{"start":{"line":791,"column":35},"end":{"line":793,"column":17}},"line":791},"180":{"name":"(anonymous_180)","decl":{"start":{"line":794,"column":33},"end":{"line":794,"column":34}},"loc":{"start":{"line":794,"column":50},"end":{"line":806,"column":17}},"line":794},"181":{"name":"(anonymous_181)","decl":{"start":{"line":795,"column":78},"end":{"line":795,"column":79}},"loc":{"start":{"line":795,"column":90},"end":{"line":802,"column":21}},"line":795},"182":{"name":"(anonymous_182)","decl":{"start":{"line":803,"column":59},"end":{"line":803,"column":60}},"loc":{"start":{"line":803,"column":71},"end":{"line":805,"column":21}},"line":803},"183":{"name":"(anonymous_183)","decl":{"start":{"line":811,"column":58},"end":{"line":811,"column":59}},"loc":{"start":{"line":811,"column":70},"end":{"line":820,"column":1}},"line":811},"184":{"name":"(anonymous_184)","decl":{"start":{"line":815,"column":94},"end":{"line":815,"column":95}},"loc":{"start":{"line":815,"column":106},"end":{"line":819,"column":5}},"line":815},"185":{"name":"(anonymous_185)","decl":{"start":{"line":821,"column":28},"end":{"line":821,"column":29}},"loc":{"start":{"line":821,"column":40},"end":{"line":837,"column":1}},"line":821},"186":{"name":"(anonymous_186)","decl":{"start":{"line":825,"column":85},"end":{"line":825,"column":86}},"loc":{"start":{"line":825,"column":97},"end":{"line":827,"column":5}},"line":825},"187":{"name":"(anonymous_187)","decl":{"start":{"line":828,"column":88},"end":{"line":828,"column":89}},"loc":{"start":{"line":828,"column":100},"end":{"line":830,"column":5}},"line":828},"188":{"name":"(anonymous_188)","decl":{"start":{"line":831,"column":82},"end":{"line":831,"column":83}},"loc":{"start":{"line":831,"column":94},"end":{"line":833,"column":5}},"line":831},"189":{"name":"(anonymous_189)","decl":{"start":{"line":834,"column":83},"end":{"line":834,"column":84}},"loc":{"start":{"line":834,"column":95},"end":{"line":836,"column":5}},"line":834}},"branchMap":{"0":{"loc":{"start":{"line":796,"column":24},"end":{"line":801,"column":25}},"type":"if","locations":[{"start":{"line":796,"column":24},"end":{"line":801,"column":25}},{"start":{"line":796,"column":24},"end":{"line":801,"column":25}}],"line":796}},"s":{"0":1,"1":1,"2":1,"3":1,"4":1,"5":1,"6":1,"7":1,"8":1,"9":1,"10":1,"11":1,"12":1,"13":1,"14":1,"15":1,"16":1,"17":1,"18":1,"19":1,"20":1,"21":1,"22":1,"23":1,"24":1,"25":1,"26":1,"27":1,"28":1,"29":1,"30":1,"31":1,"32":1,"33":1,"34":1,"35":1,"36":1,"37":1,"38":1,"39":1,"40":1,"41":1,"42":1,"43":1,"44":1,"45":1,"46":1,"47":1,"48":1,"49":1,"50":1,"51":1,"52":1,"53":1,"54":1,"55":1,"56":1,"57":1,"58":1,"59":1,"60":1,"61":1,"62":1,"63":1,"64":1,"65":1,"66":1,"67":1,"68":1,"69":1,"70":1,"71":1,"72":1,"73":1,"74":1,"75":1,"76":1,"77":1,"78":1,"79":1,"80":1,"81":1,"82":1,"83":1,"84":1,"85":1,"86":1,"87":1,"88":1,"89":1,"90":1,"91":1,"92":1,"93":1,"94":1,"95":1,"96":1,"97":1,"98":1,"99":1,"100":1,"101":1,"102":1,"103":1,"104":1,"105":1,"106":1,"107":1,"108":1,"109":1,"110":1,"111":1,"112":1,"113":1,"114":1,"115":1,"116":1,"117":1,"118":1,"119":1,"120":1,"121":1,"122":1,"123":1,"124":1,"125":1,"126":1,"127":1,"128":1,"129":1,"130":1,"131":1,"132":1,"133":1,"134":1,"135":1,"136":1,"137":1,"138":1,"139":1,"140":1,"141":1,"142":1,"143":1,"144":1,"145":1,"146":1,"147":1,"148":1,"149":1,"150":1,"151":1,"152":1,"153":1,"154":1,"155":1,"156":1,"157":1,"158":1,"159":1,"160":1,"161":1,"162":1,"163":1,"164":1,"165":1,"166":1,"167":1,"168":1,"169":1,"170":1,"171":1,"172":1,"173":1,"174":1,"175":1,"176":1,"177":1,"178":1,"179":1,"180":1,"181":1,"182":1,"183":1,"184":1,"185":1,"186":1,"187":1,"188":1,"189":1,"190":1,"191":1,"192":1,"193":1,"194":1,"195":1,"196":1,"197":1,"198":1,"199":1,"200":1,"201":1,"202":1,"203":1,"204":1,"205":1,"206":1,"207":1,"208":1,"209":1,"210":1,"211":1,"212":1,"213":1,"214":1,"215":1,"216":1,"217":1,"218":1,"219":1,"220":1,"221":1,"222":1,"223":1,"224":1,"225":1,"226":1,"227":1,"228":1,"229":1,"230":1,"231":1,"232":1,"233":1,"234":1,"235":1,"236":1,"237":1,"238":1,"239":1,"240":1,"241":1,"242":1,"243":1,"244":1,"245":1,"246":1,"247":1,"248":1,"249":1,"250":1,"251":1,"252":1,"253":1,"254":1,"255":1,"256":1,"257":1,"258":1,"259":1,"260":1,"261":1,"262":1,"263":1,"264":1,"265":1,"266":1,"267":1,"268":1,"269":1,"270":1,"271":1,"272":1,"273":1,"274":1,"275":1,"276":1,"277":1,"278":1,"279":1,"280":1,"281":1,"282":1,"283":1,"284":1,"285":1,"286":1,"287":1,"288":1,"289":1,"290":1,"291":1,"292":1,"293":1,"294":1,"295":1,"296":1,"297":1,"298":1,"299":1,"300":1,"301":1,"302":1,"303":1,"304":1,"305":1,"306":1,"307":1,"308":1,"309":1,"310":1,"311":1,"312":1,"313":1,"314":1,"315":1,"316":1,"317":1,"318":1,"319":1,"320":1,"321":1,"322":1,"323":1,"324":1,"325":1,"326":1,"327":1,"328":1,"329":1,"330":1,"331":1,"332":1,"333":1,"334":1,"335":1,"336":1,"337":1,"338":1,"339":1,"340":1,"341":1,"342":1,"343":1,"344":1,"345":1,"346":1,"347":1,"348":1,"349":1,"350":1,"351":1,"352":1,"353":1,"354":1,"355":1,"356":1,"357":1,"358":1,"359":1,"360":1,"361":1,"362":1,"363":1,"364":1,"365":1,"366":1,"367":1,"368":1,"369":1,"370":1,"371":1,"372":1,"373":1,"374":1,"375":1,"376":1,"377":1,"378":1,"379":1,"380":1,"381":1,"382":1,"383":1,"384":1,"385":1,"386":1,"387":1,"388":1,"389":1,"390":1,"391":1,"392":1,"393":1,"394":1,"395":1,"396":1,"397":1,"398":1,"399":1,"400":1,"401":1,"402":1,"403":1,"404":1,"405":1,"406":1,"407":1,"408":1,"409":1,"410":1,"411":1,"412":1,"413":1,"414":1,"415":1,"416":1,"417":1,"418":1,"419":1,"420":1,"421":1,"422":1,"423":1,"424":1,"425":1,"426":1,"427":1,"428":1,"429":1,"430":1,"431":1,"432":1,"433":1,"434":1,"435":1,"436":1,"437":1,"438":1,"439":1,"440":1,"441":1,"442":1,"443":1,"444":1,"445":1,"446":1,"447":1,"448":1,"449":1,"450":1,"451":1,"452":1,"453":1,"454":1,"455":1,"456":1,"457":1,"458":2,"459":2,"460":2,"461":2,"462":26,"463":26,"464":13,"465":13,"466":26,"467":26,"468":1,"469":1,"470":1,"471":1,"472":1,"473":1,"474":1,"475":1,"476":1,"477":1,"478":1,"479":1,"480":1,"481":1,"482":1,"483":1,"484":1,"485":1},"f":{"0":1,"1":1,"2":1,"3":1,"4":1,"5":1,"6":1,"7":1,"8":1,"9":1,"10":1,"11":1,"12":1,"13":1,"14":1,"15":1,"16":1,"17":1,"18":1,"19":1,"20":1,"21":1,"22":1,"23":1,"24":1,"25":1,"26":1,"27":1,"28":1,"29":1,"30":1,"31":1,"32":1,"33":1,"34":1,"35":1,"36":1,"37":1,"38":1,"39":1,"40":1,"41":1,"42":1,"43":1,"44":1,"45":1,"46":1,"47":1,"48":1,"49":1,"50":1,"51":1,"52":1,"53":1,"54":1,"55":1,"56":1,"57":1,"58":1,"59":1,"60":1,"61":1,"62":1,"63":1,"64":1,"65":1,"66":1,"67":1,"68":1,"69":1,"70":1,"71":1,"72":1,"73":1,"74":1,"75":1,"76":1,"77":1,"78":1,"79":1,"80":1,"81":1,"82":1,"83":1,"84":1,"85":1,"86":1,"87":1,"88":1,"89":1,"90":1,"91":1,"92":1,"93":1,"94":1,"95":1,"96":1,"97":1,"98":1,"99":1,"100":1,"101":1,"102":1,"103":1,"104":1,"105":1,"106":1,"107":1,"108":1,"109":1,"110":1,"111":1,"112":1,"113":1,"114":1,"115":1,"116":1,"117":1,"118":1,"119":1,"120":1,"121":1,"122":1,"123":1,"124":1,"125":1,"126":1,"127":1,"128":1,"129":1,"130":1,"131":1,"132":1,"133":1,"134":1,"135":1,"136":1,"137":1,"138":1,"139":1,"140":1,"141":1,"142":1,"143":1,"144":1,"145":1,"146":1,"147":1,"148":1,"149":1,"150":1,"151":1,"152":1,"153":1,"154":1,"155":1,"156":1,"157":1,"158":1,"159":1,"160":1,"161":1,"162":1,"163":1,"164":1,"165":1,"166":1,"167":1,"168":1,"169":1,"170":1,"171":1,"172":1,"173":1,"174":1,"175":1,"176":1,"177":2,"178":2,"179":2,"180":26,"181":26,"182":26,"183":1,"184":1,"185":1,"186":1,"187":1,"188":1,"189":1},"b":{"0":[13,13]},"inputSourceMap":{"version":3,"file":"/Users/phillip/projects/flitbit/json-ptr/src/test/ptr.spec.ts","sources":["/Users/phillip/projects/flitbit/json-ptr/src/test/ptr.spec.ts"],"names":[],"mappings":";;AAAA,0BAAkG;AAClG,+BAA8B;AAE9B,QAAQ,CAAC,aAAa,EAAE;IACtB,QAAQ,CAAC,iDAAiD,EAAE;QAC1D,MAAM,IAAI,GAAG;YACX,GAAG,EAAE,CAAC,KAAK,EAAE,KAAK,CAAC;YACnB,EAAE,EAAE,CAAC;YACL,KAAK,EAAE,CAAC;YACR,KAAK,EAAE,CAAC;YACR,KAAK,EAAE,CAAC;YACR,KAAK,EAAE,CAAC;YACR,MAAM,EAAE,CAAC;YACT,KAAK,EAAE,CAAC;YACR,GAAG,EAAE,CAAC;YACN,KAAK,EAAE,CAAC;SACT,CAAC;QAEF,QAAQ,CAAC,oCAAoC,EAAE;YAC7C,MAAM,CAAC,GAAG,UAAM,CAAC,EAAE,CAAC,CAAC;YAErB,EAAE,CAAC,0CAA0C,EAAE;gBAC7C,aAAM,CAAC,CAAC,CAAC,GAAG,CAAC,IAAI,CAAC,CAAC,CAAC,EAAE,CAAC,GAAG,CAAC,IAAI,CAAC,CAAC;YACnC,CAAC,CAAC,CAAC;YAEH,EAAE,CAAC,mBAAmB,EAAE;gBACtB,aAAM,CAAC;oBACL,CAAC,CAAC,GAAG,CAAC,IAAI,EAAE;wBACV,IAAI,EAAE,2BAA2B;qBAClC,CAAC,CAAC;gBACL,CAAC,CAAC,CAAC,EAAE,CAAC,KAAK,EAAE,CAAC;YAChB,CAAC,CAAC,CAAC;YAEH,EAAE,CAAC,2BAA2B,EAAE;gBAC9B,aAAM,CAAC,CAAC,CAAC,IAAI,CAAC,CAAC,EAAE,CAAC,IAAI,CAAC,MAAM,CAAC,CAAC,CAAC,CAAC;YACnC,CAAC,CAAC,CAAC;YAEH,EAAE,CAAC,qCAAqC,EAAE;gBACxC,aAAM,CAAC,CAAC,CAAC,OAAO,CAAC,CAAC,EAAE,CAAC,GAAG,CAAC,EAAE,CAAC,CAAC;YAC/B,CAAC,CAAC,CAAC;YAEH,EAAE,CAAC,qDAAqD,EAAE;gBACxD,aAAM,CAAC,CAAC,CAAC,qBAAqB,CAAC,CAAC,EAAE,CAAC,GAAG,CAAC,GAAG,CAAC,CAAC;YAC9C,CAAC,CAAC,CAAC;QACL,CAAC,CAAC,CAAC;QAEH,QAAQ,CAAC,yCAAyC,EAAE;YAClD,MAAM,CAAC,GAAG,UAAM,CAAC,GAAG,CAAC,CAAC;YAEtB,EAAE,CAAC,0CAA0C,EAAE;gBAC7C,aAAM,CAAC,CAAC,CAAC,GAAG,CAAC,IAAI,CAAC,CAAC,CAAC,EAAE,CAAC,KAAK,CAAC,IAAI,CAAC,CAAC;YACrC,CAAC,CAAC,CAAC;YAEH,EAAE,CAAC,mBAAmB,EAAE;gBACtB,aAAM,CAAC;oBACL,CAAC,CAAC,GAAG,CAAC,IAAI,EAAE;wBACV,IAAI,EAAE,2BAA2B;qBAClC,CAAC,CAAC;gBACL,CAAC,CAAC,CAAC,EAAE,CAAC,KAAK,EAAE,CAAC;YAChB,CAAC,CAAC,CAAC;YAEH,EAAE,CAAC,2BAA2B,EAAE;gBAC9B,aAAM,CAAC,CAAC,CAAC,IAAI,CAAC,CAAC,EAAE,CAAC,IAAI,CAAC,MAAM,CAAC,CAAC,CAAC,CAAC;YACnC,CAAC,CAAC,CAAC;YAEH,EAAE,CAAC,qCAAqC,EAAE;gBACxC,aAAM,CAAC,CAAC,CAAC,OAAO,CAAC,CAAC,EAAE,CAAC,GAAG,CAAC,EAAE,CAAC,CAAC;YAC/B,CAAC,CAAC,CAAC;YAEH,EAAE,CAAC,qDAAqD,EAAE;gBACxD,aAAM,CAAC,CAAC,CAAC,qBAAqB,CAAC,CAAC,EAAE,CAAC,GAAG,CAAC,GAAG,CAAC,CAAC;YAC9C,CAAC,CAAC,CAAC;QACL,CAAC,CAAC,CAAC;QAEH,QAAQ,CAAC,+BAA+B,EAAE;YACxC,MAAM,CAAC,GAAG,UAAM,CAAC,MAAM,CAAC,CAAC;YAEzB,EAAE,CAAC,oCAAoC,EAAE;gBACvC,aAAM,CAAC,CAAC,CAAC,GAAG,CAAC,IAAI,CAAC,CAAC,CAAC,EAAE,CAAC,KAAK,CAAC,IAAI,CAAC,GAAG,CAAC,CAAC;YACzC,CAAC,CAAC,CAAC;YAEH,EAAE,CAAC,mDAAmD,EAAE;gBACtD,MAAM,OAAO,GAAG,CAAC,CAAC,GAAG,CAAC,IAAI,CAAC,CAAC;gBAC5B,MAAM,OAAO,GAAG;oBACd,IAAI,EAAE,gBAAgB;iBACvB,CAAC;gBACF,CAAC,CAAC,GAAG,CAAC,IAAI,EAAE,OAAO,CAAC,CAAC;gBACrB,aAAM,CAAC,CAAC,CAAC,GAAG,CAAC,IAAI,CAAC,CAAC,CAAC,EAAE,CAAC,GAAG,CAAC,OAAO,CAAC,CAAC;gBACpC,CAAC,CAAC,GAAG,CAAC,IAAI,EAAE,OAAO,CAAC,CAAC;YACvB,CAAC,CAAC,CAAC;YAEH,EAAE,CAAC,iCAAiC,EAAE;gBACpC,aAAM,CAAC,CAAC,CAAC,IAAI,CAAC,CAAC,EAAE,CAAC,GAAG,CAAC,CAAC,KAAK,CAAC,CAAC,CAAC;YACjC,CAAC,CAAC,CAAC;YAEH,EAAE,CAAC,gCAAgC,EAAE;gBACnC,aAAM,CAAC,CAAC,CAAC,OAAO,CAAC,CAAC,EAAE,CAAC,GAAG,CAAC,MAAM,CAAC,CAAC;YACnC,CAAC,CAAC,CAAC;YAEH,EAAE,CAAC,iDAAiD,EAAE;gBACpD,aAAM,CAAC,CAAC,CAAC,qBAAqB,CAAC,CAAC,EAAE,CAAC,GAAG,CAAC,OAAO,CAAC,CAAC;YAClD,CAAC,CAAC,CAAC;QACL,CAAC,CAAC,CAAC;QAEH,QAAQ,CAAC,sCAAsC,EAAE;YAC/C,MAAM,CAAC,GAAG,UAAM,CAAC,OAAO,CAAC,CAAC;YAE1B,EAAE,CAAC,oCAAoC,EAAE;gBACvC,aAAM,CAAC,CAAC,CAAC,GAAG,CAAC,IAAI,CAAC,CAAC,CAAC,EAAE,CAAC,KAAK,CAAC,IAAI,CAAC,GAAG,CAAC,CAAC;YACzC,CAAC,CAAC,CAAC;YAEH,EAAE,CAAC,mDAAmD,EAAE;gBACtD,MAAM,OAAO,GAAG,CAAC,CAAC,GAAG,CAAC,IAAI,CAAC,CAAC;gBAC5B,MAAM,OAAO,GAAG;oBACd,IAAI,EAAE,gBAAgB;iBACvB,CAAC;gBACF,CAAC,CAAC,GAAG,CAAC,IAAI,EAAE,OAAO,CAAC,CAAC;gBACrB,aAAM,CAAC,CAAC,CAAC,GAAG,CAAC,IAAI,CAAC,CAAC,CAAC,EAAE,CAAC,GAAG,CAAC,OAAO,CAAC,CAAC;gBACpC,CAAC,CAAC,GAAG,CAAC,IAAI,EAAE,OAAO,CAAC,CAAC;YACvB,CAAC,CAAC,CAAC;YAEH,EAAE,CAAC,iCAAiC,EAAE;gBACpC,aAAM,CAAC,CAAC,CAAC,IAAI,CAAC,CAAC,EAAE,CAAC,GAAG,CAAC,CAAC,KAAK,CAAC,CAAC,CAAC;YACjC,CAAC,CAAC,CAAC;YAEH,EAAE,CAAC,gCAAgC,EAAE;gBACnC,aAAM,CAAC,CAAC,CAAC,OAAO,CAAC,CAAC,EAAE,CAAC,GAAG,CAAC,MAAM,CAAC,CAAC;YACnC,CAAC,CAAC,CAAC;YAEH,EAAE,CAAC,iDAAiD,EAAE;gBACpD,aAAM,CAAC,CAAC,CAAC,qBAAqB,CAAC,CAAC,EAAE,CAAC,GAAG,CAAC,OAAO,CAAC,CAAC;YAClD,CAAC,CAAC,CAAC;QACL,CAAC,CAAC,CAAC;QAE
[...]
nd-expr","locations":[{"start":{"line":28,"column":14},"end":{"line":30,"column":13}},{"start":{"line":31,"column":14},"end":{"line":33,"column":13}}],"line":27},"1":{"loc":{"start":{"line":33,"column":15},"end":{"line":33,"column":85}},"type":"cond-expr","locations":[{"start":{"line":33,"column":28},"end":{"line":33,"column":62}},{"start":{"line":33,"column":65},"end":{"line":33,"column":85}}],"line":33},"2":{"loc":{"start":{"line":40,"column":11},"end":{"line":40,"column":81}},"type":"cond-expr","locations":[{"start":{"line":40,"column":24},"end":{"line":40,"column":58}},{"start":{"line":40,"column":61},"end":{"line":40,"column":81}}],"line":40},"3":{"loc":{"start":{"line":47,"column":41},"end":{"line":47,"column":111}},"type":"cond-expr","locations":[{"start":{"line":47,"column":54},"end":{"line":47,"column":88}},{"start":{"line":47,"column":91},"end":{"line":47,"column":111}}],"line":47},"4":{"loc":{"start":{"line":51,"column":8},"end":{"line":53,"column":9}},"type":"if","locations":[{"start":{"line":51,"column":8},"end":{"line":53,"column":9}},{"start":{"line":51,"column":8},"end":{"line":53,"column":9}}],"line":51},"5":{"loc":{"start":{"line":64,"column":48},"end":{"line":64,"column":122}},"type":"cond-expr","locations":[{"start":{"line":64,"column":80},"end":{"line":64,"column":91}},{"start":{"line":64,"column":94},"end":{"line":64,"column":122}}],"line":64},"6":{"loc":{"start":{"line":67,"column":8},"end":{"line":69,"column":9}},"type":"if","locations":[{"start":{"line":67,"column":8},"end":{"line":69,"column":9}},{"start":{"line":67,"column":8},"end":{"line":69,"column":9}}],"line":67},"7":{"loc":{"start":{"line":73,"column":8},"end":{"line":75,"column":9}},"type":"if","locations":[{"start":{"line":73,"column":8},"end":{"line":75,"column":9}},{"start":{"line":73,"column":8},"end":{"line":75,"column":9}}],"line":73},"8":{"loc":{"start":{"line":89,"column":23},"end":{"line":89,"column":78}},"type":"cond-expr","locations":[{"start":{"line":89,"column":52},"end":{"line":89,"column":55}},{"start":{"line":89,"column":58},"end":{"line":89,"column":78}}],"line":89},"9":{"loc":{"start":{"line":93,"column":8},"end":{"line":94,"column":25}},"type":"if","locations":[{"start":{"line":93,"column":8},"end":{"line":94,"column":25}},{"start":{"line":93,"column":8},"end":{"line":94,"column":25}}],"line":93},"10":{"loc":{"start":{"line":96,"column":15},"end":{"line":96,"column":80}},"type":"binary-expr","locations":[{"start":{"line":96,"column":15},"end":{"line":96,"column":43}},{"start":{"line":96,"column":47},"end":{"line":96,"column":80}}],"line":96},"11":{"loc":{"start":{"line":115,"column":4},"end":{"line":117,"column":5}},"type":"if","locations":[{"start":{"line":115,"column":4},"end":{"line":117,"column":5}},{"start":{"line":115,"column":4},"end":{"line":117,"column":5}}],"line":115},"12":{"loc":{"start":{"line":122,"column":8},"end":{"line":168,"column":9}},"type":"if","locations":[{"start":{"line":122,"column":8},"end":{"line":168,"column":9}},{"start":{"line":122,"column":8},"end":{"line":168,"column":9}}],"line":122},"13":{"loc":{"start":{"line":122,"column":12},"end":{"line":122,"column":53}},"type":"binary-expr","locations":[{"start":{"line":122,"column":12},"end":{"line":122,"column":30}},{"start":{"line":122,"column":34},"end":{"line":122,"column":53}}],"line":122},"14":{"loc":{"start":{"line":123,"column":12},"end":{"line":167,"column":13}},"type":"if","locations":[{"start":{"line":123,"column":12},"end":{"line":167,"column":13}},{"start":{"line":123,"column":12},"end":{"line":167,"column":13}}],"line":123},"15":{"loc":{"start":{"line":129,"column":20},"end":{"line":141,"column":21}},"type":"if","locations":[{"start":{"line":129,"column":20},"end":{"line":141,"column":21}},{"start":{"line":129,"column":20},"end":{"line":141,"column":21}}],"line":129},"16":{"loc":{"start":{"line":129,"column":24},"end":{"line":129,"column":61}},"type":"binary-expr","locations":[{"start":{"line":129,"column":24},"end":{"line":129,"column":46}},{"start":{"line":129,"column":50},"end":{"line":129,"column":61}}],"line":129},"17":{"loc":{"start":{"line":130,"column":24},"end":{"line":133,"column":25}},"type":"if","locations":[{"start":{"line":130,"column":24},"end":{"line":133,"column":25}},{"start":{"line":130,"column":24},"end":{"line":133,"column":25}}],"line":130},"18":{"loc":{"start":{"line":130,"column":28},"end":{"line":130,"column":56}},"type":"binary-expr","locations":[{"start":{"line":130,"column":28},"end":{"line":130,"column":33}},{"start":{"line":130,"column":37},"end":{"line":130,"column":56}}],"line":130},"19":{"loc":{"start":{"line":138,"column":24},"end":{"line":140,"column":25}},"type":"if","locations":[{"start":{"line":138,"column":24},"end":{"line":140,"column":25}},{"start":{"line":138,"column":24},"end":{"line":140,"column":25}}],"line":138},"20":{"loc":{"start":{"line":152,"column":20},"end":{"line":164,"column":21}},"type":"if","locations":[{"start":{"line":152,"column":20},"end":{"line":164,"column":21}},{"start":{"line":152,"column":20},"end":{"line":164,"column":21}}],"line":152},"21":{"loc":{"start":{"line":152,"column":24},"end":{"line":152,"column":61}},"type":"binary-expr","locations":[{"start":{"line":152,"column":24},"end":{"line":152,"column":46}},{"start":{"line":152,"column":50},"end":{"line":152,"column":61}}],"line":152},"22":{"loc":{"start":{"line":153,"column":24},"end":{"line":156,"column":25}},"type":"if","locations":[{"start":{"line":153,"column":24},"end":{"line":156,"column":25}},{"start":{"line":153,"column":24},"end":{"line":156,"column":25}}],"line":153},"23":{"loc":{"start":{"line":153,"column":28},"end":{"line":153,"column":56}},"type":"binary-expr","locations":[{"start":{"line":153,"column":28},"end":{"line":153,"column":33}},{"start":{"line":153,"column":37},"end":{"line":153,"column":56}}],"line":153},"24":{"loc":{"start":{"line":161,"column":24},"end":{"line":163,"column":25}},"type":"if","locations":[{"start":{"line":161,"column":24},"end":{"line":163,"column":25}},{"start":{"line":161,"column":24},"end":{"line":163,"column":25}}],"line":161}},"s":{"0":1,"1":1,"2":1,"3":1,"4":1,"5":1,"6":35,"7":0,"8":6,"9":2,"10":0,"11":2,"12":2,"13":13,"14":13,"15":2,"16":0,"17":0,"18":0,"19":0,"20":0,"21":0,"22":0,"23":73,"24":27,"25":73,"26":53,"27":0,"28":4,"29":30,"30":30,"31":30,"32":26,"33":26,"34":26,"35":1,"36":1,"37":1,"38":31,"39":1,"40":0,"41":0,"42":0,"43":0,"44":0,"45":0,"46":0,"47":1,"48":1,"49":0,"50":1,"51":2,"52":2,"53":2,"54":2,"55":0,"56":2,"57":2,"58":14,"59":14,"60":14,"61":14,"62":2,"63":2,"64":2,"65":6,"66":6,"67":6,"68":6,"69":0,"70":0,"71":6,"72":6,"73":0,"74":6,"75":12,"76":12,"77":12,"78":12,"79":18,"80":18,"81":18,"82":6,"83":0,"84":0,"85":6,"86":6,"87":0,"88":18},"f":{"0":35,"1":0,"2":6,"3":2,"4":0,"5":2,"6":13,"7":13,"8":0,"9":0,"10":0,"11":73,"12":53,"13":0,"14":4,"15":30,"16":26,"17":1,"18":31,"19":0,"20":0,"21":0,"22":0,"23":2},"b":{"0":[1,1],"1":[1,1],"2":[0,0],"3":[0,0],"4":[27,46],"5":[1,3],"6":[30,0],"7":[26,0],"8":[0,0],"9":[0,0],"10":[0,0],"11":[0,2],"12":[14,0],"13":[14,14],"14":[2,12],"15":[6,0],"16":[6,6],"17":[0,6],"18":[6,0],"19":[0,6],"20":[6,12],"21":[18,8],"22":[0,6],"23":[6,0],"24":[0,6]},"inputSourceMap":{"version":3,"file":"/Users/phillip/projects/flitbit/json-ptr/src/pointer.ts","sources":["/Users/phillip/projects/flitbit/json-ptr/src/pointer.ts"],"names":[],"mappings":";;AAAA,iCAWgB;AAKhB,8DAA8D;AAC9D,IAAI,KAAK,GAA+E,IAAI,CAAC;AAE7F,MAAM,IAAI,GAAG,MAAM,CAAC,SAAS,CAAC,CAAC;AAC/B,MAAM,IAAI,GAAG,MAAM,CAAC,YAAY,CAAC,CAAC;AAClC,MAAM,IAAI,GAAG,MAAM,CAAC,QAAQ,CAAC,CAAC;AAc9B,MAAa,WAAW;IA2DtB,YAAY,GAAsB;QAChC,IAAI,CAAC,IAAI,GAAG,oBAAa,CAAC,GAAG,CAAC,CAAC;IACjC,CAAC;IAxDD,MAAM,CAAC,GAAG,CAAI,MAAS,EAAE,GAAW;QAClC,OAAO,qBAAc,CAAC,MAAM,EAAE,kBAAW,CAAC,GAAG,CAAC,CAAC,GAAG,CAAC,CAAC,CAAC;IACvD,CAAC;IAED,MAAM,CAAC,GAAG,CAAO,MAAS,EAAE,GAAW;QACrC,OAAO,qBAAc,CAAC,MAAM,EAAE,kBAAW,CAAC,GAAG,CAAC,CAAC,GAAG,CAAC,CAAC,CAAC;IACvD,CAAC;IAED,MAAM,CAAC,GAAG,CAAU,MAAS,EAAE,GAAW,EAAE,GAAM,EAAE,KAAe;QACjE,OAAO,qBAAc,CAAC,MAAM,EAAE,GAAG,EAAE,kBAAW,CAAC,GAAG,CAAC,CAAC,GAAG,CAAC,EAAE,KAAK,CAAC,CAAC;IACnE,CAAC;IAED,MAAM,CAAC,MAAM,CAAC,GAAW;QACvB,OAAO,kBAAW,CAAC,GAAG,CAAC,CAAC,GAAG,CAAC,CAAC;IAC/B,CAAC;IAED,MAAM,CAAC,IAAI,CAAI,MAAS,EAAE,UAAoB;QAC5C,MAAM,GAAG,GAAkB,EAAE,CAAC;QAC9B,KAAK,CACH,MAAM,EACN,UAAU;YACR,CAAC,CAAC,CAAC,UAAU,EAAE,KAAK,EAAQ,EAAE;gBAC1B,GAAG,CAAC,IAAI,CAAC,EAAE,UAAU,EAAE,KAAK,EAAE,CAAC,CAAC;YAClC,CAAC;YACH,CAAC,CAAC,CAAC,OAAO,EAAE,KAAK,EAAQ,EAAE;gBACvB,GAAG,CAAC,IAAI,CAAC,EAAE,OAAO,EAAE,KAAK,EAAE,CAAC,CAAC;YAC/B,CAAC,EACL,UAAU,CAAC,CAAC,CAAC,kCAA2B,CAAC,CAAC,CAAC,oBAAa,CACzD,CAAC;QACF,OAAO,GAAG,CAAC;IACb,CAAC;IAED,MAAM,CAAC,OAAO,CAAI,MAAS,EAAE,UAAoB;QAC/C,MAAM,GAAG,GAAS,EAAE,CAAC;QACrB,KAAK,CACH,MAAM,EACN,CAAC,CAAC,EAAE,CAAC,EAAE,EAAE;YACP,GAAG,CAAC,CAAC,CAAC,GAAG,CAAC,CAAC;QACb,CAAC,EACD,UAAU,CAAC,CAAC,CAAC,kCAA2B,CAAC,CAAC,CAAC,oBAAa,CACzD,CAAC;QACF,OAAO,GAAG,CAAC;IACb,CAAC;IAED,8DAA8D;IAC9D,MAAM,CAAC,GAAG,CAAI,MAAS,EAAE,UAAoB;QAC3C,8DAA8D;QAC9D,MAAM,GAAG,GAAG,IAAI,GAAG,EAAe,CAAC;QACnC,KAAK,CAAC,MAAM,EAAE,GAAG,CAAC,GAAG,CAAC,IAAI,CAAC,GAAG,CAAC,EAAE,UAAU,CAAC,CAAC,CAAC,kCAA2B,CAAC,CAAC,CAAC,oBAAa,CAAC,CAAC;QAC3F,OAAO,GAAG,CAAC;IACb,CAAC;IAQD,GAAG,CAAO,MAAS;QACjB,IAAI,CAAC,IAAI,CAAC,IAAI,CAAC,EAAE;YACf,IAAI,CAAC,IAAI,CAAC,GAAG,gCAAyB,CAAC,IAAI,CAAC,IAAI,CAAC,CAAC;SACnD;QACD,OAAO,IAAI,CAAC,IAAI,CAAC,CAAC,MAAM,CAAC,CAAC;IAC5B,CAAC;IAED,8DAA8D;IAC9D,GAAG,CAAO,MAAS,EAAE,KAAQ,EAAE,KAAe;QAC5C,OAAO,qBAAc,CAAC,MAAM,EAAE,KAAK,EAAE,IAAI,CAAC,IAAI,EAAE,KAAK,CAAC,CAAC;IACzD,CAAC;IAED,GAAG,CAAI,MAAS;QACd,OAAO,OAAO,IAAI,CAAC,GAAG,CAAC,MAAM,CAAC,KAAK,WAAW,CAAC;IACjD,CAAC;IAED,MAAM,CAAC,MAAuC;QAC5C,OAAO,IAAI,WAAW,CAAC,IAAI,CAAC,IAAI,CAAC,MAAM,CAAC,MAAM,YAAY,WAAW,CAAC,CAAC,CAAC,MAAM,CAAC,IAAI,CAAC,CAAC,CAAC,oBAAa,CAAC,MAAM,CAAC,CAAC,CAAC,CAAC;IAChH,CAAC;IAED,IAAI,OAAO;QACT,IAAI,CAAC,IAAI,CAAC,IAAI,CAAC,EAAE;YACf,IAAI,CAAC,IAAI,CAAC,GAAG,oBAAa,CAAC,IAAI,CAAC,IAAI,CAAC,CAAC;SACvC;QACD,OAAO,IAAI,CAAC,IAAI,CAAC,CAAC;IACpB,CAAC;IAED,IAAI,qBAAqB;QACvB,IAAI,CAAC,IAAI,CAAC,IAAI,CAAC,EAAE;YACf,IAAI,CAAC,IAAI,CAAC,GAAG,kCAA2B,CAAC,IAAI,CAAC,IAAI,CAAC,CAAC;SACrD;QACD,OAAO,IAAI,CAAC,IAAI,CAAC,CAAC;IACpB,CAAC;CACF;AAhGD,kCAgGC;AAED,WAAW,CAAC,SAAS,CAAC,QAAQ,GAAG,SAAS,QAAQ;IAChD,OAAO,IAAI,CAAC,OAAO,CAAC;AACtB,CAAC,CAAC;AAEF,SAAgB,MAAM,CAAC,GAAsB;IAC3C,OAAO,IAAI,WAAW,CAAC,GAAG,CAAC,CAAC;AAC9B,CAAC;AAFD,wBAEC;AAED,MAAa,aAAa;IAUxB,YAAY,GAAoC;QAC9C,IAAI,CAAC,OAAO,GAAG,GAAG,YAAY,WAAW,CAAC,CAAC,CAAC,GAAG,CAAC,CAAC,CAAC,IAAI,WAAW,CAAC,GAAG,CAAC,CAAC;QACvE,IAAI,CAAC,IAAI,GAAG,IAAI,CAAC,OAAO,CAAC,qBAAqB,CAAC;IACjD,CAAC;IAZD,MAAM,CAAC,WAAW,CAAI,SAAY;QAChC,IAAI,CAAC,SAAS;YAAE,OAAO,KAAK,CAAC;QAC7B,MAAM,GAAG,GAAI,SAAsC,CAAC;QACpD,OAAO,OAAO,GAAG,CAAC,IAAI,KAAK,QAAQ,IAAI,OAAO,GAAG,CAAC,OAAO,KAAK,UAAU,CAAC;IAC3E,CAAC;IAUD,OAAO,CAAO,MAAS;QACrB,OAAO,IAAI,CAAC,OAAO,CAAC,GAAG,CAAC,MAAM,CAAC,CAAC;IAClC,CAAC;CACF;AAlBD,sCAkBC;AAED,aAAa,CAAC,SAAS,CAAC,QAAQ,GAAG,SAAS,QAAQ;IAClD,OAAO,IAAI,CAAC,IAAI,CAAC;AACnB,CAAC,CAAC;AAQF,8DAA8D;AAC9D,KAAK,GAAG,CAAC,MAAW,EAAE,OAAgB,EAAE,OAAgB,EAAE,KAAc,EAAQ,EAAE;IAChF,IAAI,eAAe,CAAC;IACpB,MAAM,CAAC,GAAW,EAAE,CAAC;IACrB,IAAI,OAAO,GAAG,CAAC,CAAC;IAChB,CAAC,CAAC,IAAI,CAAC;QACL,GAAG,EAAE,MAAM;QACX,IAAI,EAAE,EAAE;KACT,CAAC,CAAC;IACH,IAAI,KAAK,EAAE;QACT,eAAe,GAAG,MAAM,CAAC,MAAM,CAAC,IAAI,CAAC,CAAC;KACvC;IACD,OAAO,CAAC,OAAO,CAAC,EAAE,CAAC,EAAE,MAAM,CAAC,CAAC;IAC7B,OAAO,OAAO,GAAG,CAAC,CAAC,MAAM,EAAE;QACzB,MAAM,MAAM,GAAG,CAAC,CAAC,OAAO,EAAE,CAAC,CAAC;QAC5B,MAAM,KAAK,GAAG,OAAO,MAAM,CAAC,GAAG,CAAC;QAChC,IAAI,KAAK,KAAK,QAAQ,IAAI,MAAM,CAAC,GAAG,KAAK,IAAI,EAAE;YAC7C,IAAI,KAAK,CAAC,OAAO,CAAC,MAAM,CAAC,GAAG,CAAC,EAAE;gBAC7B,IAAI,CAAC,GAAG,CAAC,CAAC,CAAC;gBACX,MAAM,IAAI,GAAG,MAAM,CAAC,GAAG,CAAC,MAAM,CAAC;gBAC/B,OAAO,EAAE,CAAC,GAAG,IAAI,EAAE;oBACjB,MAAM,EAAE,GAAG,MAAM,CAAC,GAAG,CAAC,CAAC,CAAC,CAAC;oBACzB,MAAM,IAAI,GAAG,MAAM,CAAC,IAAI,CAAC,MAAM,CAAC,CAAC,CAAC,GAAG,EAAE,CAAC,CAAC,CAAC;oBAC1C,IAAI,OAAO,EAAE,KAAK,QAAQ,IAAI,EAAE,KAAK,IAAI,EAAE;wBACzC,IAAI,KAAK,IAAI,eAAe,CAAC,EAAE,CAAC,EAAE;4BAChC,OAAO,CAAC,OAAO,CAAC,IAAI,CAAC,EAAE,IAAI,aAAa,CAAC,eAAe,CAAC,EAAE,CAAC,CAAC,CAAC,CAAC;4BAC/D,SAAS;yBACV;wBACD,CAAC,CAAC,IAAI,CAAC;4BACL,GAAG,EAAE,EAAE;4BACP,IAAI,EAAE,IAAI;yBACX,CAAC,CAAC;wBACH,IAAI,KAAK,EAAE;4BACT,eAAe,CAAC,EAAE,CAAC,GAAG,IAAI,WAAW,CAAC,kCAA2B,CAAC,IAAI,CAAC,CAAC,CAAC;yBAC1E;qBACF;oBACD,OAAO,CAAC,OAAO,CAAC,IAAI,CAAC,EAAE,EAAE,CAAC,CAAC;iBAC5B;aACF;iBAAM;gBACL,MAAM,IAAI,GAAG,MAAM,CAAC,IAAI,CAAC,MAAM,CAAC,GAAG,CAAC,CAAC;gBACrC,MAAM,IAAI,GAAG,IAAI,CAAC,MAAM,CAAC;gBACzB,IAAI,CAAC,GAAG,CAAC,CAAC,CAAC;gBACX,OAAO,EAAE,CAAC,GAAG,IAAI,EAAE;oBACjB,MAAM,EAAE,GAAG,MAAM,CAAC,GAAG,CAAC,IAAI,CAAC,CAAC,CAAC,CAAC,CAAC;oBAC/B,MAAM,IAAI,GAAG,MAAM,CAAC,IAAI,CAAC,MAAM,CAAC,IAAI,CAAC,CAAC,CAAC,CAAC,CAAC;oBACzC,IAAI,OAAO,EAAE,KAAK,QAAQ,IAAI,EAAE,KAAK,IAAI,EAAE;wBACzC,IAAI,KAAK,IAAI,eAAe,CAAC,EAAE,CAAC,EAAE;4BAChC,OAAO,CAAC,OAAO,CAAC,IAAI,CAAC,EAAE,IAAI,aAAa,CAAC,eAAe,CAAC,EAAE,CAAC,CAAC,CAAC,CAAC;4BAC/D,SAAS;yBACV;wBACD,CAAC,CAAC,IAAI,CAAC;4BACL,GAAG,EAAE,EAAE;4BACP,IAAI,EAAE,IAAI;yBACX,CAAC,CAAC;wBACH,IAAI,KAAK,EAAE;4BACT,eAAe,CAAC,EAAE,CAAC,GAAG,IAAI,WAAW,CAAC,kCAA2B,CAAC,IAAI,CAAC,CAAC,CAAC;yBAC1E;qBACF;oBACD,OAAO,CAAC,OAAO,CAAC,IAAI,CAAC,EAAE,EAAE,CAAC,CAAC;iBAC5B;aACF;SACF;KACF;AACH,CAAC,CAAC","sourcesContent":["import {\n  Dereference,\n  decodePtrInit,\n  compilePointerDereference,\n  setValueAtPath,\n  encodePointer,\n  encodeUriFragmentIdentifier,\n  pickDecoder,\n  Encoder,\n  hasValueAtPath,\n  getValueAtPath,\n} from './util';\n\n// eslint-disable-next-line @typescript-eslint/no-explicit-any\nexport type Visitor = (ptr: string, val: any) => void;\n\n// eslint-disable-next-line @typescript-eslint/no-explicit-any\nlet visit: (target: any, visitor: Visitor, encoder: Encoder, cycle?: boolean) => void = null;\n\nconst $ptr = Symbol('pointer');\nconst $frg = Symbol('fragmentId');\nconst $get = Symbol('getter');\n\nexport interface Dict {\n  // eslint-disable-next-line @typescript-eslint/no-explicit-any\n  [key: string]: any;\n}\n\nexport interface PointerItem {\n  pointer?: string;\n  fragmentId?: string;\n  // eslint-disable-next-line @typescript-eslint/no-explicit-any\n  value: any;\n}\n\nexport class JsonPointer {\n  private [$ptr]: string;\n  private [$frg]: string;\n  private [$get]: Dereference;\n\n  static has<T>(target: T, ptr: string): boolean {\n    return hasValueAtPath(target, pickDecoder(ptr)(ptr));\n  }\n\n  static get<T, R>(target: T, ptr: string): R {\n    return getValueAtPath(target, pickDecoder(ptr)(ptr));\n  }\n\n  static set<T, V, R>(target: T, ptr: string, val: V, force?: boolean): R {\n    return setValueAtPath(target, val, pickDecoder(ptr)(ptr), force);\n  }\n\n  static decode(ptr: string): string[] {\n    return pickDecoder(ptr)(ptr);\n  }\n\n  static list<T>(target: T, fragmentId?: boolean): PointerItem[] {\n    const res: PointerItem[] = [];\n    visit(\n      target,\n      fragmentId\n        ? (fragmentId, value): void => {\n            res.push({ fragmentId, value });\n          }\n        : (pointer, value): void => {\n            res.push({ pointer, value });\n          },\n      fragmentId ? encodeUriFragmentIdentifier : encodePointer\n    );\n    return res;\n  }\n\n  static flatten<T>(target: T, fragmentId?: boolean): Dict {\n    const res: Dict = {};\n    visit(\n      target,\n      (p, v) => {\n        res[p] = v;\n      },\n      fragmentId ? encodeUriFragmentIdentifier : encodePointer\n    );\n    return res;\n  }\n\n  // eslint-disable-next-line @typescript-eslint/no-explicit-any\n  static map<T>(target: T, fragmentId?: boolean): Map<string, any> {\n    // eslint-disable-next-line @typescript-eslint/no-explicit-any\n    const res = new Map<string, any>();\n    visit(target, res.set.bind(res), fragmentId ? encodeUriFragmentIdentifier : encodePointer);\n    return res;\n  }\n\n  public path: string[];\n\n  constructor(ptr: string | string[]) {\n    this.path = decodePtrInit(ptr);\n  }\n\n  get<T, V>(target: T): V {\n    if (!this[$get]) {\n      this[$get] = compilePointerDereference(this.path);\n    }\n    return this[$get](target);\n  }\n\n  // eslint-disable-next-line @typescript-eslint/no-explicit-any\n  set<T, V>(target: T, value: V, force?: boolean): any {\n    return setValueAtPath(target, value, this.path, force);\n  }\n\n  has<T>(target: T): boolean {\n    return typeof this.get(target) !== 'undefined';\n  }\n\n  concat(target: JsonPointer | string | string[]): JsonPointer {\n    return new JsonPointer(this.path.concat(target instanceof JsonPointer ? target.path : decodePtrInit(target)));\n  }\n\n  get pointer(): string {\n    if (!this[$ptr]) {\n      this[$ptr] = encodePointer(this.path);\n    }\n    return this[$ptr];\n  }\n\n  get uriFragmentIdentifier(): string {\n    if (!this[$frg]) {\n      this[$frg] = encodeUriFragmentIdentifier(this.path);\n    }\n    return this[$frg];\n  }\n}\n\nJsonPointer.prototype.toString = function toString(): string {\n  return this.pointer;\n};\n\nexport function create(ptr: string | string[]): JsonPointer {\n  return new JsonPointer(ptr);\n}\n\nexport class JsonReference {\n  static isReference<T>(candidate: T): boolean {\n    if (!candidate) return false;\n    const ref = (candidate as unknown) as JsonReference;\n    return typeof ref.$ref === 'string' && typeof ref.resolve === 'function';\n  }\n\n  public pointer: JsonPointer;\n  public $ref: string;\n\n  constructor(ptr: JsonPointer | string | string[]) {\n    this.pointer = ptr instanceof JsonPointer ? ptr : new JsonPointer(ptr);\n    this.$ref = this.pointer.uriFragmentIdentifier;\n  }\n\n  resolve<T, R>(target: T): R {\n    return this.pointer.get(target);\n  }\n}\n\nJsonReference.prototype.toString = function toString(): string {\n  return this.$ref;\n};\n\ninterface Item {\n  // eslint-disable-next-line @typescript-eslint/no-explicit-any\n  obj: any;\n  path: string[];\n}\n\n// eslint-disable-next-line @typescript-eslint/no-explicit-any\nvisit = (target: any, visitor: Visitor, encoder: Encoder, cycle: boolean): void => {\n  let distinctObjects;\n  const q: Item[] = [];\n  let cursor2 = 0;\n  q.push({\n    obj: target,\n    path: [],\n  });\n  if (cycle) {\n    distinctObjects = Object.create(null);\n  }\n  visitor(encoder([]), target);\n  while (cursor2 < q.length) {\n    const cursor = q[cursor2++];\n    const typeT = typeof cursor.obj;\n    if (typeT === 'object' && cursor.obj !== null) {\n      if (Array.isArray(cursor.obj)) {\n        let j = -1;\n        const len2 = cursor.obj.length;\n        while (++j < len2) {\n          const it = cursor.obj[j];\n          const path = cursor.path.concat([j + '']);\n          if (typeof it === 'object' && it !== null) {\n            if (cycle && distinctObjects[it]) {\n              visitor(encoder(path), new JsonReference(distinctObjects[it]));\n              continue;\n            }\n            q.push({\n              obj: it,\n              path: path,\n            });\n            if (cycle) {\n              distinctObjects[it] = new JsonPointer(encodeUriFragmentIdentifier(path));\n            }\n          }\n          visitor(encoder(path), it);\n        }\n      } else {\n        const keys = Object.keys(cursor.obj);\n        const len3 = keys.length;\n        let i = -1;\n        while (++i < len3) {\n          const it = cursor.obj[keys[i]];\n          const path = cursor.path.concat(keys[i]);\n          if (typeof it === 'object' && it !== null) {\n            if (cycle && distinctObjects[it]) {\n              visitor(encoder(path), new JsonReference(distinctObjects[it]));\n              continue;\n            }\n            q.push({\n              obj: it,\n              path: path,\n            });\n            if (cycle) {\n              distinctObjects[it] = new JsonPointer(encodeUriFragmentIdentifier(path));\n            }\n          }\n          visitor(encoder(path), it);\n        }\n      }\n    }\n  }\n};\n"]},"_coverageSchema":"1a1c01bbd47fc00a2c39e90264f33305004495a9","hash":"7b524bdcbeb376858a90c887b59de6145c9b7279","contentHash":"608728742be2e86b980addb966a946ce870e0b79f00c6d4e45f3bb0937366337"}}